This is pdfTeX, Version 3.1415926-2.5-1.40.14 (TeX Live 2013/Debian) (format=pdflatex 2014.5.21)  22 MAY 2014 12:37
entering extended mode
 restricted \write18 enabled.
 %&-line parsing enabled.
**MSc.tex
(./MSc.tex
LaTeX2e <2011/06/27>
Babel <3.9h> and hyphenation patterns for 3 languages loaded.
(/usr/share/texlive/texmf-dist/tex/latex/koma-script/scrbook.cls
Document Class: scrbook 2013/12/19 v3.12 KOMA-Script document class (book)
(/usr/share/texlive/texmf-dist/tex/latex/koma-script/scrkbase.sty
Package: scrkbase 2013/12/19 v3.12 KOMA-Script package (KOMA-Script-dependent b
asics and keyval usage)

(/usr/share/texlive/texmf-dist/tex/latex/koma-script/scrbase.sty
Package: scrbase 2013/12/19 v3.12 KOMA-Script package (KOMA-Script-independent 
basics and keyval usage)

(/usr/share/texlive/texmf-dist/tex/latex/graphics/keyval.sty
Package: keyval 1999/03/16 v1.13 key=value parser (DPC)
\KV@toks@=\toks14
)
(/usr/share/texlive/texmf-dist/tex/latex/koma-script/scrlfile.sty
Package: scrlfile 2013/12/19 v3.12 KOMA-Script package (loading files)

Package scrlfile, 2013/12/19 v3.12 KOMA-Script package (loading files)
                  Copyright (C) Markus Kohm

))) (/usr/share/texlive/texmf-dist/tex/latex/koma-script/tocbasic.sty
Package: tocbasic 2013/12/19 v3.12 KOMA-Script package (handling toc-files)
)
Package tocbasic Info: omitting babel extension for `toc'
(tocbasic)             because of feature `nobabel' available
(tocbasic)             for `toc' on input line 117.
Package tocbasic Info: omitting babel extension for `lof'
(tocbasic)             because of feature `nobabel' available
(tocbasic)             for `lof' on input line 118.
Package tocbasic Info: omitting babel extension for `lot'
(tocbasic)             because of feature `nobabel' available
(tocbasic)             for `lot' on input line 119.
Package tocbasic Info: defining new hook before heading of `' on input line 111
8.
Package scrbook Info: You've used standard option `12pt'.
(scrbook)             This is correct!
(scrbook)             Internally I'm using `fontsize=12pt'.
(scrbook)             If you'd like to set the option with \KOMAoptions,
(scrbook)             you'd have to use `fontsize=12pt' there
(scrbook)             instead of `12pt', too.
Package scrbase Info: Unknown processing state.
(scrbase)             Processing option `twoside'
(scrbase)             of member `.scrbook.cls' of family
(scrbase)             `KOMA' doesn't set
(scrbase)             a valid state. This will be interpreted
(scrbase)             as \FamilyKeyStateProcessed on input line 1269.
Class scrbook Info: File `scrsize12pt.clo' used to setup font sizes on input li
ne 1655.

(/usr/share/texlive/texmf-dist/tex/latex/koma-script/scrsize12pt.clo
File: scrsize12pt.clo 2013/12/19 v3.12 KOMA-Script font size class option (12pt
)
)
(/usr/share/texlive/texmf-dist/tex/latex/koma-script/typearea.sty
Package: typearea 2013/12/19 v3.12 KOMA-Script package (type area)

Package typearea, 2013/12/19 v3.12 KOMA-Script package (type area)
                  Copyright (C) Frank Neukam, 1992-1994
                  Copyright (C) Markus Kohm, 1994-

\ta@bcor=\skip41
\ta@div=\count79
Package typearea Info: You've used standard option `a4paper'.
(typearea)             This is correct!
(typearea)             Internally I'm using `paper=a4'.
(typearea)             If you'd like to set the option with \KOMAoptions,
(typearea)             you'd have to use `paper=a4' there
(typearea)             instead of `a4paper', too.
\ta@hblk=\skip42
\ta@vblk=\skip43
\ta@temp=\skip44
\footheight=\skip45
Package typearea Info: These are the values describing the layout:
(typearea)             DIV  = 12
(typearea)             BCOR = 28.45274pt
(typearea)             \paperwidth      = 597.50793pt
(typearea)              \textwidth      = 426.7914pt
(typearea)              DIV departure   = -1%
(typearea)              \evensidemargin = 22.57254pt
(typearea)              \oddsidemargin  = 3.60402pt
(typearea)             \paperheight     = 845.04694pt
(typearea)              \textheight     = 635.5pt
(typearea)              \topmargin      = -41.72441pt
(typearea)              \headheight     = 18.125pt
(typearea)              \headsep        = 21.75pt
(typearea)              \topskip        = 12.0pt
(typearea)              \footskip       = 50.75pt
(typearea)              \baselineskip   = 14.5pt
(typearea)              on input line 1330.
)
\c@part=\count80
\c@chapter=\count81
\c@section=\count82
\c@subsection=\count83
\c@subsubsection=\count84
\c@paragraph=\count85
\c@subparagraph=\count86
\abovecaptionskip=\skip46
\belowcaptionskip=\skip47
\c@pti@nb@sid@b@x=\box26
\c@figure=\count87
\c@table=\count88
\bibindent=\dimen102
) (/usr/share/texlive/texmf-dist/tex/latex/ucs/ucs.sty
Package: ucs 2013/05/11 v2.2 UCS: Unicode input support

(/usr/share/texlive/texmf-dist/tex/latex/ucs/data/uni-global.def
File: uni-global.def 2013/05/13 UCS: Unicode global data
)
\uc@secondtry=\count89
\uc@combtoks=\toks15
\uc@combtoksb=\toks16
\uc@temptokena=\toks17
)
(/usr/share/texlive/texmf-dist/tex/latex/base/inputenc.sty
Package: inputenc 2008/03/30 v1.1d Input encoding file
\inpenc@prehook=\toks18
\inpenc@posthook=\toks19

(/usr/share/texlive/texmf-dist/tex/latex/ucs/utf8x.def
File: utf8x.def 2004/10/17 UCS: Input encoding UTF-8
))
(/usr/share/texlive/texmf-dist/tex/latex/base/t1enc.sty
Package: t1enc 1994/06/01 Standard LaTeX package
)
(/usr/share/texlive/texmf-dist/tex/latex/graphics/graphicx.sty
Package: graphicx 1999/02/16 v1.0f Enhanced LaTeX Graphics (DPC,SPQR)

(/usr/share/texlive/texmf-dist/tex/latex/graphics/graphics.sty
Package: graphics 2009/02/05 v1.0o Standard LaTeX Graphics (DPC,SPQR)

(/usr/share/texlive/texmf-dist/tex/latex/graphics/trig.sty
Package: trig 1999/03/16 v1.09 sin cos tan (DPC)
)
(/usr/share/texlive/texmf-dist/tex/latex/latexconfig/graphics.cfg
File: graphics.cfg 2010/04/23 v1.9 graphics configuration of TeX Live
)
Package graphics Info: Driver file: pdftex.def on input line 91.

(/usr/share/texlive/texmf-dist/tex/latex/pdftex-def/pdftex.def
File: pdftex.def 2011/05/27 v0.06d Graphics/color for pdfTeX

(/usr/share/texlive/texmf-dist/tex/generic/oberdiek/infwarerr.sty
Package: infwarerr 2010/04/08 v1.3 Providing info/warning/error messages (HO)
)
(/usr/share/texlive/texmf-dist/tex/generic/oberdiek/ltxcmds.sty
Package: ltxcmds 2011/11/09 v1.22 LaTeX kernel commands for general use (HO)
)
\Gread@gobject=\count90
))
\Gin@req@height=\dimen103
\Gin@req@width=\dimen104
)
(/usr/share/texlive/texmf-dist/tex/latex/tools/enumerate.sty
Package: enumerate 1999/03/05 v3.00 enumerate extensions (DPC)
\@enLab=\toks20
)
(/usr/share/texlive/texmf-dist/tex/latex/graphics/color.sty
Package: color 2005/11/14 v1.0j Standard LaTeX Color (DPC)

(/usr/share/texlive/texmf-dist/tex/latex/latexconfig/color.cfg
File: color.cfg 2007/01/18 v1.5 color configuration of teTeX/TeXLive
)
Package color Info: Driver file: pdftex.def on input line 130.
)
(/usr/share/texlive/texmf-dist/tex/latex/url/url.sty
\Urlmuskip=\muskip10
Package: url 2013/09/16  ver 3.4  Verb mode for urls, etc.
)
(/usr/share/texlive/texmf-dist/tex/latex/hyperref/hyperref.sty
Package: hyperref 2012/11/06 v6.83m Hypertext links for LaTeX

(/usr/share/texlive/texmf-dist/tex/generic/oberdiek/hobsub-hyperref.sty
Package: hobsub-hyperref 2012/05/28 v1.13 Bundle oberdiek, subset hyperref (HO)


(/usr/share/texlive/texmf-dist/tex/generic/oberdiek/hobsub-generic.sty
Package: hobsub-generic 2012/05/28 v1.13 Bundle oberdiek, subset generic (HO)
Package: hobsub 2012/05/28 v1.13 Construct package bundles (HO)
Package hobsub Info: Skipping package `infwarerr' (already loaded).
Package hobsub Info: Skipping package `ltxcmds' (already loaded).
Package: ifluatex 2010/03/01 v1.3 Provides the ifluatex switch (HO)
Package ifluatex Info: LuaTeX not detected.
Package: ifvtex 2010/03/01 v1.5 Detect VTeX and its facilities (HO)
Package ifvtex Info: VTeX not detected.
Package: intcalc 2007/09/27 v1.1 Expandable calculations with integers (HO)
Package: ifpdf 2011/01/30 v2.3 Provides the ifpdf switch (HO)
Package ifpdf Info: pdfTeX in PDF mode is detected.
Package: etexcmds 2011/02/16 v1.5 Avoid name clashes with e-TeX commands (HO)
Package etexcmds Info: Could not find \expanded.
(etexcmds)             That can mean that you are not using pdfTeX 1.50 or
(etexcmds)             that some package has redefined \expanded.
(etexcmds)             In the latter case, load this package earlier.
Package: kvsetkeys 2012/04/25 v1.16 Key value parser (HO)
Package: kvdefinekeys 2011/04/07 v1.3 Define keys (HO)
Package: pdftexcmds 2011/11/29 v0.20 Utility functions of pdfTeX for LuaTeX (HO
)
Package pdftexcmds Info: LuaTeX not detected.
Package pdftexcmds Info: \pdf@primitive is available.
Package pdftexcmds Info: \pdf@ifprimitive is available.
Package pdftexcmds Info: \pdfdraftmode found.
Package: pdfescape 2011/11/25 v1.13 Implements pdfTeX's escape features (HO)
Package: bigintcalc 2012/04/08 v1.3 Expandable calculations on big integers (HO
)
Package: bitset 2011/01/30 v1.1 Handle bit-vector datatype (HO)
Package: uniquecounter 2011/01/30 v1.2 Provide unlimited unique counter (HO)
)
Package hobsub Info: Skipping package `hobsub' (already loaded).
Package: letltxmacro 2010/09/02 v1.4 Let assignment for LaTeX macros (HO)
Package: hopatch 2012/05/28 v1.2 Wrapper for package hooks (HO)
Package: xcolor-patch 2011/01/30 xcolor patch
Package: atveryend 2011/06/30 v1.8 Hooks at the very end of document (HO)
Package atveryend Info: \enddocument detected (standard20110627).
Package: atbegshi 2011/10/05 v1.16 At begin shipout hook (HO)
Package: refcount 2011/10/16 v3.4 Data extraction from label references (HO)
Package: hycolor 2011/01/30 v1.7 Color options for hyperref/bookmark (HO)
)
(/usr/share/texlive/texmf-dist/tex/generic/ifxetex/ifxetex.sty
Package: ifxetex 2010/09/12 v0.6 Provides ifxetex conditional
)
(/usr/share/texlive/texmf-dist/tex/latex/oberdiek/auxhook.sty
Package: auxhook 2011/03/04 v1.3 Hooks for auxiliary files (HO)
)
(/usr/share/texlive/texmf-dist/tex/latex/oberdiek/kvoptions.sty
Package: kvoptions 2011/06/30 v3.11 Key value format for package options (HO)
)
\@linkdim=\dimen105
\Hy@linkcounter=\count91
\Hy@pagecounter=\count92

(/usr/share/texlive/texmf-dist/tex/latex/hyperref/pd1enc.def
File: pd1enc.def 2012/11/06 v6.83m Hyperref: PDFDocEncoding definition (HO)
)
\Hy@SavedSpaceFactor=\count93

(/usr/share/texlive/texmf-dist/tex/latex/latexconfig/hyperref.cfg
File: hyperref.cfg 2002/06/06 v1.2 hyperref configuration of TeXLive
)
Package hyperref Info: Hyper figures OFF on input line 4443.
Package hyperref Info: Link nesting OFF on input line 4448.
Package hyperref Info: Hyper index ON on input line 4451.
Package hyperref Info: Plain pages OFF on input line 4458.
Package hyperref Info: Backreferencing OFF on input line 4463.
Package hyperref Info: Implicit mode ON; LaTeX internals redefined.
Package hyperref Info: Bookmarks ON on input line 4688.
\c@Hy@tempcnt=\count94
LaTeX Info: Redefining \url on input line 5041.
\XeTeXLinkMargin=\dimen106
\Fld@menulength=\count95
\Field@Width=\dimen107
\Fld@charsize=\dimen108
Package hyperref Info: Hyper figures OFF on input line 6295.
Package hyperref Info: Link nesting OFF on input line 6300.
Package hyperref Info: Hyper index ON on input line 6303.
Package hyperref Info: backreferencing OFF on input line 6310.
Package hyperref Info: Link coloring OFF on input line 6315.
Package hyperref Info: Link coloring with OCG OFF on input line 6320.
Package hyperref Info: PDF/A mode OFF on input line 6325.
LaTeX Info: Redefining \ref on input line 6365.
LaTeX Info: Redefining \pageref on input line 6369.
\Hy@abspage=\count96
\c@Item=\count97
\c@Hfootnote=\count98
)

Package hyperref Message: Driver (autodetected): hpdftex.

(/usr/share/texlive/texmf-dist/tex/latex/hyperref/hpdftex.def
File: hpdftex.def 2012/11/06 v6.83m Hyperref driver for pdfTeX
\Fld@listcount=\count99
\c@bookmark@seq@number=\count100

(/usr/share/texlive/texmf-dist/tex/latex/oberdiek/rerunfilecheck.sty
Package: rerunfilecheck 2011/04/15 v1.7 Rerun checks for auxiliary files (HO)
Package uniquecounter Info: New unique counter `rerunfilecheck' on input line 2
82.
)
\Hy@SectionHShift=\skip48
)
(./appendix.sty
Package: appendix 1998/11/29 v1.0 extra appendix facilities
 (/usr/share/texlive/texmf-dist/tex/latex/base/ifthen.sty
Package: ifthen 2001/05/26 v1.1c Standard LaTeX ifthen package (DPC)
)

Package appendix Warning: I don't recognize the class but I'll do my best on in
put line 41.

) (/usr/share/texlive/texmf-dist/tex/latex/eso-pic/eso-pic.sty
Package: eso-pic 2013/10/06 v2.0d eso-pic (RN)
)
(/usr/share/texlive/texmf-dist/tex/latex/amsmath/amsmath.sty
Package: amsmath 2013/01/14 v2.14 AMS math features
\@mathmargin=\skip49

For additional information on amsmath, use the `?' option.
(/usr/share/texlive/texmf-dist/tex/latex/amsmath/amstext.sty
Package: amstext 2000/06/29 v2.01

(/usr/share/texlive/texmf-dist/tex/latex/amsmath/amsgen.sty
File: amsgen.sty 1999/11/30 v2.0
\@emptytoks=\toks21
\ex@=\dimen109
))
(/usr/share/texlive/texmf-dist/tex/latex/amsmath/amsbsy.sty
Package: amsbsy 1999/11/29 v1.2d
\pmbraise@=\dimen110
)
(/usr/share/texlive/texmf-dist/tex/latex/amsmath/amsopn.sty
Package: amsopn 1999/12/14 v2.01 operator names
)
\inf@bad=\count101
LaTeX Info: Redefining \frac on input line 210.
\uproot@=\count102
\leftroot@=\count103
LaTeX Info: Redefining \overline on input line 306.
\classnum@=\count104
\DOTSCASE@=\count105
LaTeX Info: Redefining \ldots on input line 378.
LaTeX Info: Redefining \dots on input line 381.
LaTeX Info: Redefining \cdots on input line 466.
\Mathstrutbox@=\box27
\strutbox@=\box28
\big@size=\dimen111
LaTeX Font Info:    Redeclaring font encoding OML on input line 566.
LaTeX Font Info:    Redeclaring font encoding OMS on input line 567.
\macc@depth=\count106
\c@MaxMatrixCols=\count107
\dotsspace@=\muskip11
\c@parentequation=\count108
\dspbrk@lvl=\count109
\tag@help=\toks22
\row@=\count110
\column@=\count111
\maxfields@=\count112
\andhelp@=\toks23
\eqnshift@=\dimen112
\alignsep@=\dimen113
\tagshift@=\dimen114
\tagwidth@=\dimen115
\totwidth@=\dimen116
\lineht@=\dimen117
\@envbody=\toks24
\multlinegap=\skip50
\multlinetaggap=\skip51
\mathdisplay@stack=\toks25
LaTeX Info: Redefining \[ on input line 2665.
LaTeX Info: Redefining \] on input line 2666.
)
(/usr/share/texlive/texmf-dist/tex/latex/amsfonts/amssymb.sty
Package: amssymb 2013/01/14 v3.01 AMS font symbols

(/usr/share/texlive/texmf-dist/tex/latex/amsfonts/amsfonts.sty
Package: amsfonts 2013/01/14 v3.01 Basic AMSFonts support
\symAMSa=\mathgroup4
\symAMSb=\mathgroup5
LaTeX Font Info:    Overwriting math alphabet `\mathfrak' in version `bold'
(Font)                  U/euf/m/n --> U/euf/b/n on input line 106.
))
(./tocbibind.sty
Package: tocbibind 1999/09/12 v1.3a extra ToC listings
 (./stdclsdv.sty
Package: stdclsdv 1999/01/18 v1.0 Sectional divisions
)

Package tocbibind Warning: | don't recognize the class but I'll do my best on i
nput line 40.


Package tocbibind Note: Using chapter style headings.

) (/usr/share/texlive/texmf-dist/tex/latex/natbib/natbib.sty
Package: natbib 2010/09/13 8.31b (PWD, AO)
\bibhang=\skip52
\bibsep=\skip53
LaTeX Info: Redefining \cite on input line 694.
\c@NAT@ctr=\count113
) (./subfigure.sty
Package: subfigure 1995/03/06 v2.0 subfigure package

Package: subfigure 1995/03/06 v2.0
\c@subfigure=\count114
\c@lofdepth=\count115
\c@subtable=\count116
\c@lotdepth=\count117
) (/usr/share/texlive/texmf-dist/tex/latex/caption/caption.sty
Package: caption 2013/05/02 v3.3-89 Customizing captions (AR)

(/usr/share/texlive/texmf-dist/tex/latex/caption/caption3.sty
Package: caption3 2013/05/02 v1.6-88 caption3 kernel (AR)
Package caption3 Info: TeX engine: e-TeX on input line 57.
\captionmargin=\dimen118
\captionmargin@=\dimen119
\captionwidth=\dimen120
\caption@tempdima=\dimen121
\caption@indent=\dimen122
\caption@parindent=\dimen123
\caption@hangindent=\dimen124
)
Package caption Info: KOMA-Script document class.
\c@ContinuedFloat=\count118
Package caption Info: hyperref package is loaded.
Package caption Info: subfigure package is loaded.


! Package caption Error: For a successful cooperation we need at least version
(caption)                `2002/01/23 v2.1' of package subfigure,
(caption)                but only version
(caption)                `1995/03/06 v2.0 subfigure package'
(caption)                is available.

See the caption package documentation for explanation.
Type  H <return>  for immediate help.
 ...                                              
                                                  
l.1666 }{}
          
If you do not understand this error, please take a closer look
at the documentation of the `caption' package, especially the
section about errors.
Try typing  <return>  to proceed.
If that doesn't work, type  X <return>  to quit.

) (./placeins.sty
Package: placeins 2005/04/18  v 2.2
) (/usr/share/texlive/texmf-dist/tex/latex/tools/tabularx.sty
Package: tabularx 1999/01/07 v2.07 `tabularx' package (DPC)

(/usr/share/texlive/texmf-dist/tex/latex/tools/array.sty
Package: array 2008/09/09 v2.4c Tabular extension package (FMi)
\col@sep=\dimen125
\extrarowheight=\dimen126
\NC@list=\toks26
\extratabsurround=\skip54
\backup@length=\skip55
)
\TX@col@width=\dimen127
\TX@old@table=\dimen128
\TX@old@col=\dimen129
\TX@target=\dimen130
\TX@delta=\dimen131
\TX@cols=\count119
\TX@ftn=\toks27
)

Package caption Warning: Ignoring optional argument [l] of \setcapwidth
(caption)                 on input line 36.
See the caption package documentation for explanation.

(/usr/share/texlive/texmf-dist/tex/latex/base/fontenc.sty
Package: fontenc 2005/09/27 v1.99g Standard LaTeX package

(/usr/share/texlive/texmf-dist/tex/latex/base/t1enc.def
File: t1enc.def 2005/09/27 v1.99g Standard LaTeX file
LaTeX Font Info:    Redeclaring font encoding T1 on input line 43.
))
(/usr/share/texlive/texmf-dist/tex/latex/psnfss/mathptmx.sty
Package: mathptmx 2005/04/12 PSNFSS-v9.2a Times w/ Math, improved (SPQR, WaS) 
LaTeX Font Info:    Redeclaring symbol font `operators' on input line 28.
LaTeX Font Info:    Overwriting symbol font `operators' in version `normal'
(Font)                  OT1/cmr/m/n --> OT1/ztmcm/m/n on input line 28.
LaTeX Font Info:    Overwriting symbol font `operators' in version `bold'
(Font)                  OT1/cmr/bx/n --> OT1/ztmcm/m/n on input line 28.
LaTeX Font Info:    Redeclaring symbol font `letters' on input line 29.
LaTeX Font Info:    Overwriting symbol font `letters' in version `normal'
(Font)                  OML/cmm/m/it --> OML/ztmcm/m/it on input line 29.
LaTeX Font Info:    Overwriting symbol font `letters' in version `bold'
(Font)                  OML/cmm/b/it --> OML/ztmcm/m/it on input line 29.
LaTeX Font Info:    Redeclaring symbol font `symbols' on input line 30.
LaTeX Font Info:    Overwriting symbol font `symbols' in version `normal'
(Font)                  OMS/cmsy/m/n --> OMS/ztmcm/m/n on input line 30.
LaTeX Font Info:    Overwriting symbol font `symbols' in version `bold'
(Font)                  OMS/cmsy/b/n --> OMS/ztmcm/m/n on input line 30.
LaTeX Font Info:    Redeclaring symbol font `largesymbols' on input line 31.
LaTeX Font Info:    Overwriting symbol font `largesymbols' in version `normal'
(Font)                  OMX/cmex/m/n --> OMX/ztmcm/m/n on input line 31.
LaTeX Font Info:    Overwriting symbol font `largesymbols' in version `bold'
(Font)                  OMX/cmex/m/n --> OMX/ztmcm/m/n on input line 31.
\symbold=\mathgroup6
\symitalic=\mathgroup7
LaTeX Font Info:    Redeclaring math alphabet \mathbf on input line 34.
LaTeX Font Info:    Overwriting math alphabet `\mathbf' in version `normal'
(Font)                  OT1/cmr/bx/n --> OT1/ptm/bx/n on input line 34.
LaTeX Font Info:    Overwriting math alphabet `\mathbf' in version `bold'
(Font)                  OT1/cmr/bx/n --> OT1/ptm/bx/n on input line 34.
LaTeX Font Info:    Redeclaring math alphabet \mathit on input line 35.
LaTeX Font Info:    Overwriting math alphabet `\mathit' in version `normal'
(Font)                  OT1/cmr/m/it --> OT1/ptm/m/it on input line 35.
LaTeX Font Info:    Overwriting math alphabet `\mathit' in version `bold'
(Font)                  OT1/cmr/bx/it --> OT1/ptm/m/it on input line 35.
LaTeX Info: Redefining \hbar on input line 50.
) (./MSc.aux

LaTeX Warning: Label `table:Emissivity' multiply defined.


LaTeX Warning: Label `table:Emissivity' multiply defined.


LaTeX Warning: Label `table:Emissivity' multiply defined.


LaTeX Warning: Label `table:Emissivity' multiply defined.

)
\openout1 = `MSc.aux'.

LaTeX Font Info:    Checking defaults for OML/cmm/m/it on input line 89.
LaTeX Font Info:    ... okay on input line 89.
LaTeX Font Info:    Checking defaults for T1/cmr/m/n on input line 89.
LaTeX Font Info:    ... okay on input line 89.
LaTeX Font Info:    Checking defaults for OT1/cmr/m/n on input line 89.
LaTeX Font Info:    ... okay on input line 89.
LaTeX Font Info:    Checking defaults for OMS/cmsy/m/n on input line 89.
LaTeX Font Info:    ... okay on input line 89.
LaTeX Font Info:    Checking defaults for OMX/cmex/m/n on input line 89.
LaTeX Font Info:    ... okay on input line 89.
LaTeX Font Info:    Checking defaults for U/cmr/m/n on input line 89.
LaTeX Font Info:    ... okay on input line 89.
LaTeX Font Info:    Checking defaults for PD1/pdf/m/n on input line 89.
LaTeX Font Info:    ... okay on input line 89.
LaTeX Font Info:    Try loading font information for T1+ptm on input line 89.
 (/usr/share/texlive/texmf-dist/tex/latex/psnfss/t1ptm.fd
File: t1ptm.fd 2001/06/04 font definitions for T1/ptm.
)
(/usr/share/texlive/texmf-dist/tex/latex/ucs/ucsencs.def
File: ucsencs.def 2011/01/21 Fixes to fontencodings LGR, T3
)
(/usr/share/texlive/texmf-dist/tex/context/base/supp-pdf.mkii
[Loading MPS to PDF converter (version 2006.09.02).]
\scratchcounter=\count120
\scratchdimen=\dimen132
\scratchbox=\box29
\nofMPsegments=\count121
\nofMParguments=\count122
\everyMPshowfont=\toks28
\MPscratchCnt=\count123
\MPscratchDim=\dimen133
\MPnumerator=\count124
\makeMPintoPDFobject=\count125
\everyMPtoPDFconversion=\toks29
) (/usr/share/texlive/texmf-dist/tex/latex/oberdiek/epstopdf-base.sty
Package: epstopdf-base 2010/02/09 v2.5 Base part for package epstopdf

(/usr/share/texlive/texmf-dist/tex/latex/oberdiek/grfext.sty
Package: grfext 2010/08/19 v1.1 Manage graphics extensions (HO)
)
Package grfext Info: Graphics extension search list:
(grfext)             [.png,.pdf,.jpg,.mps,.jpeg,.jbig2,.jb2,.PNG,.PDF,.JPG,.JPE
G,.JBIG2,.JB2,.eps]
(grfext)             \AppendGraphicsExtensions on input line 452.

(/usr/share/texlive/texmf-dist/tex/latex/latexconfig/epstopdf-sys.cfg
File: epstopdf-sys.cfg 2010/07/13 v1.3 Configuration of (r)epstopdf for TeX Liv
e
))
\AtBeginShipoutBox=\box30
Package hyperref Info: Link coloring OFF on input line 89.

(/usr/share/texlive/texmf-dist/tex/latex/hyperref/nameref.sty
Package: nameref 2012/10/27 v2.43 Cross-referencing by name of section

(/usr/share/texlive/texmf-dist/tex/generic/oberdiek/gettitlestring.sty
Package: gettitlestring 2010/12/03 v1.4 Cleanup title references (HO)
)
\c@section@level=\count126
)
LaTeX Info: Redefining \ref on input line 89.
LaTeX Info: Redefining \pageref on input line 89.
LaTeX Info: Redefining \nameref on input line 89.

(./MSc.out) (./MSc.out)
\@outlinefile=\write3
\openout3 = `MSc.out'.

Package caption Info: Begin \AtBeginDocument code.
Package caption Info: Incompatible package detected (regarding \@caption).
(caption)             \@caption = \long macro:#1[#2]#3->\subfig@oldcaption {#1}
[{#2}]{#3}\@for \@tempa :=\@subfigcaptionlist \do {\ifx \@empty \@tempa \relax 
\else \addcontentsline {\@nameuse {ext@sub#1}}{sub#1}{\@tempa }\fi }\gdef \@sub
figcaptionlist {}.


Package caption Warning: \caption will not be redefined since it's already
(caption)                redefined by a document class or package which is
(caption)                unknown to the caption package.
See the caption package documentation for explanation.

Package caption Info: End \AtBeginDocument code.
<aUI.png, id=309, 633.36626pt x 638.385pt>
File: aUI.png Graphic file (type png)
 <use aUI.png>
Package pdftex.def Info: aUI.png used on input line 98.
(pdftex.def)             Requested size: 124.05403pt x 125.03493pt.
LaTeX Font Info:    Try loading font information for T1+cmss on input line 100.


(/usr/share/texlive/texmf-dist/tex/latex/base/t1cmss.fd
File: t1cmss.fd 1999/05/25 v2.5h Standard LaTeX font definitions
)
(/usr/share/texlive/texmf-dist/tex/latex/ucs/data/uni-0.def
File: uni-0.def 2013/05/13 UCS: Unicode data U+0000..U+00FF
)
<HI.jpeg, id=310, 501.875pt x 190.7125pt>
File: HI.jpeg Graphic file (type jpg)
 <use HI.jpeg>
Package pdftex.def Info: HI.jpeg used on input line 108.
(pdftex.def)             Requested size: 597.5756pt x 227.07872pt.
LaTeX Font Info:    Font shape `T1/ptm/bx/n' in size <12> not available
(Font)              Font shape `T1/ptm/b/n' tried instead on input line 108.
LaTeX Font Info:    Try loading font information for OT1+ztmcm on input line 10
8.

(/usr/share/texlive/texmf-dist/tex/latex/psnfss/ot1ztmcm.fd
File: ot1ztmcm.fd 2000/01/03 Fontinst v1.801 font definitions for OT1/ztmcm.
)
LaTeX Font Info:    Try loading font information for OML+ztmcm on input line 10
8.

(/usr/share/texlive/texmf-dist/tex/latex/psnfss/omlztmcm.fd
File: omlztmcm.fd 2000/01/03 Fontinst v1.801 font definitions for OML/ztmcm.
)
LaTeX Font Info:    Try loading font information for OMS+ztmcm on input line 10
8.

(/usr/share/texlive/texmf-dist/tex/latex/psnfss/omsztmcm.fd
File: omsztmcm.fd 2000/01/03 Fontinst v1.801 font definitions for OMS/ztmcm.
)
LaTeX Font Info:    Try loading font information for OMX+ztmcm on input line 10
8.

(/usr/share/texlive/texmf-dist/tex/latex/psnfss/omxztmcm.fd
File: omxztmcm.fd 2000/01/03 Fontinst v1.801 font definitions for OMX/ztmcm.
)
LaTeX Font Info:    Try loading font information for OT1+ptm on input line 108.


(/usr/share/texlive/texmf-dist/tex/latex/psnfss/ot1ptm.fd
File: ot1ptm.fd 2001/06/04 font definitions for OT1/ptm.
)
LaTeX Font Info:    Font shape `OT1/ptm/bx/n' in size <12> not available
(Font)              Font shape `OT1/ptm/b/n' tried instead on input line 108.
LaTeX Font Info:    Font shape `OT1/ptm/bx/n' in size <9> not available
(Font)              Font shape `OT1/ptm/b/n' tried instead on input line 108.
LaTeX Font Info:    Font shape `OT1/ptm/bx/n' in size <7> not available
(Font)              Font shape `OT1/ptm/b/n' tried instead on input line 108.
File: HI.jpeg Graphic file (type jpg)
 <use HI.jpeg>
Package pdftex.def Info: HI.jpeg used on input line 108.
(pdftex.def)             Requested size: 597.5756pt x 227.07872pt.

[1{/var/lib/texmf/fonts/map/pdftex/updmap/pdftex.map}



 <./HI.jpeg> <./aUI.png>]
[5] [6


] (./MSc.toc [7])
\tf@toc=\write4
\openout4 = `MSc.toc'.

 [8] [9] [10


]
Chapter 1.
pdfTeX warning (ext4): destination with the same identifier (name{page.1}) has 
been already used, duplicate ignored
<to be read again> 
                   \relax 
l.139 \subsection
                 {Pertinencia:} [1]
LaTeX Font Info:    Try loading font information for OMS+ptm on input line 155.


(/usr/share/texlive/texmf-dist/tex/latex/psnfss/omsptm.fd
File: omsptm.fd 
)
LaTeX Font Info:    Font shape `OMS/ptm/m/n' in size <12> not available
(Font)              Font shape `OMS/cmsy/m/n' tried instead on input line 155.
 [2]
<imagens/conjuntos1.png, id=439, 501.875pt x 200.75pt>
! Illegal unit of measure (pt inserted).
<to be read again> 
                   \relax 
l.160 keepaspectratio]{imagens/conjuntos1.png}
                                              
Dimensions can be in units of em, ex, in, pt, pc,
cm, mm, dd, cc, nd, nc, bp, or sp; but yours is a new one!
I'll assume that you meant to say pt, for printer's points.
To recover gracefully from this error, it's best to
delete the erroneous units; e.g., type `2' to delete
two letters. (See Chapter 27 of The TeXbook.)

! Illegal unit of measure (pt inserted).
<to be read again> 
                   \relax 
l.160 keepaspectratio]{imagens/conjuntos1.png}
                                              
Dimensions can be in units of em, ex, in, pt, pc,
cm, mm, dd, cc, nd, nc, bp, or sp; but yours is a new one!
I'll assume that you meant to say pt, for printer's points.
To recover gracefully from this error, it's best to
delete the erroneous units; e.g., type `2' to delete
two letters. (See Chapter 27 of The TeXbook.)

File: imagens/conjuntos1.png Graphic file (type png)
<use imagens/conjuntos1.png>
Package pdftex.def Info: imagens/conjuntos1.png used on input line 160.
(pdftex.def)             Requested size: 250.0026pt x 100.00104pt.

Underfull \hbox (badness 10000) in paragraph at lines 164--166

 []


Underfull \hbox (badness 10000) in paragraph at lines 170--174

 []

[3 <./imagens/conjuntos1.png>]
Underfull \hbox (badness 10000) in paragraph at lines 178--183

 []


Underfull \hbox (badness 10000) in paragraph at lines 178--183

 []


Underfull \hbox (badness 10000) in paragraph at lines 184--188

 []


Underfull \hbox (badness 10000) in paragraph at lines 184--188

 []


Underfull \hbox (badness 10000) in paragraph at lines 184--188

 []


Underfull \hbox (badness 10000) in paragraph at lines 190--193

 []

[4]
! Missing } inserted.
<inserted text> 
                }
l.199 \end{itemize}
                   
I've inserted something that you may have forgotten.
(See the <inserted text> above.)
With luck, this will get me unwedged. But if you
really didn't forget anything, try typing `2' now; then
my insertion and my current dilemma will both disappear.


Underfull \hbox (badness 10000) in paragraph at lines 203--204

 []

<imagens/unionConjuntos.png, id=451, 301.125pt x 206.7725pt>
File: imagens/unionConjuntos.png Graphic file (type png)

<use imagens/unionConjuntos.png>
Package pdftex.def Info: imagens/unionConjuntos.png used on input line 211.
(pdftex.def)             Requested size: 150.56212pt x 103.38599pt.


! LaTeX Error: There's no line here to end.

See the LaTeX manual or LaTeX Companion for explanation.
Type  H <return>  for immediate help.
 ...                                              
                                                  
l.215 \textbf
             {Exemplo 1.6:} Dados dois conjuntos A = $\{$a,e,i$\}$ e B = $\{...

Your command was ignored.
Type  I <command> <return>  to replace it with another command,
or  <return>  to continue without it.

pdfTeX warning (ext4): destination with the same identifier (name{page.5}) has 
been already used, duplicate ignored
<to be read again> 
                   \relax 
l.222 \item $
             A \cup \emptyset = A$ [5 <./imagens/unionConjuntos.png>]
Underfull \hbox (badness 10000) in paragraph at lines 227--228

 []

<imagens/IntersecConjuntos.png, id=456, 301.125pt x 206.7725pt>
File: imagens/IntersecConjuntos.png Graphic file (type png)

<use imagens/IntersecConjuntos.png>
Package pdftex.def Info: imagens/IntersecConjuntos.png used on input line 234.
(pdftex.def)             Requested size: 150.56212pt x 103.38599pt.


! LaTeX Error: There's no line here to end.

See the LaTeX manual or LaTeX Companion for explanation.
Type  H <return>  for immediate help.
 ...                                              
                                                  
l.237 \textbf
             {Exemplo X.X:} Dados dois conjuntos A = $\{$a,e,i$\}$ e B = $\{...

Your command was ignored.
Type  I <command> <return>  to replace it with another command,
or  <return>  to continue without it.

pdfTeX warning (ext4): destination with the same identifier (name{page.6}) has 
been already used, duplicate ignored
<to be read again> 
                   \relax 
l.245 \item $
             A \cap B = B \cup A$ [6 <./imagens/IntersecConjuntos.png>]
<imagens/diferencaConjuntos.png, id=469, 301.125pt x 206.7725pt>
File: imagens/diferencaConjuntos.png Graphic file (type png)

<use imagens/diferencaConjuntos.png>
Package pdftex.def Info: imagens/diferencaConjuntos.png used on input line 252.

(pdftex.def)             Requested size: 150.56212pt x 103.38599pt.


! LaTeX Error: There's no line here to end.

See the LaTeX manual or LaTeX Companion for explanation.
Type  H <return>  for immediate help.
 ...                                              
                                                  
l.255 \textbf
             {Exemplo X.X:} Dados dois conjuntos A = $\{$a,b,c,d,e$\}$ e B =...

Your command was ignored.
Type  I <command> <return>  to replace it with another command,
or  <return>  to continue without it.


Underfull \hbox (badness 10000) in paragraph at lines 255--258

 []


Underfull \hbox (badness 10000) in paragraph at lines 269--271

 []

pdfTeX warning (ext4): destination with the same identifier (name{page.7}) has 
been already used, duplicate ignored
<to be read again> 
                   \relax 
l.271 \begin{center}
                     [7 <./imagens/diferencaConjuntos.png>]
<imagens/complemento.png, id=483, 250.9375pt x 250.9375pt>
File: imagens/complemento.png Graphic file (type png)

<use imagens/complemento.png>
Package pdftex.def Info: imagens/complemento.png used on input line 276.
(pdftex.def)             Requested size: 125.46843pt x 125.46843pt.


! LaTeX Error: There's no line here to end.

See the LaTeX manual or LaTeX Companion for explanation.
Type  H <return>  for immediate help.
 ...                                              
                                                  
l.280 \textbf
             {Exemplo X.X:} Seja o conjunto A = $\mathbb{N}$ e o U = $\mathb...

Your command was ignored.
Type  I <command> <return>  to replace it with another command,
or  <return>  to continue without it.


Underfull \hbox (badness 10000) in paragraph at lines 280--282

 []


Underfull \hbox (badness 10000) in paragraph at lines 292--298

 []

pdfTeX warning (ext4): destination with the same identifier (name{page.8}) has 
been already used, duplicate ignored
<to be read again> 
                   \relax 
l.298 \subsection
                 {Produto Cartesiano} [8 <./imagens/complemento.png>]

! LaTeX Error: There's no line here to end.

See the LaTeX manual or LaTeX Companion for explanation.
Type  H <return>  for immediate help.
 ...                                              
                                                  
l.305 \textbf
             {Exemplo X.X:}Seja dois conjuntos A = $\{$a,b,c$\}$ e B = $\{$a...

Your command was ignored.
Type  I <command> <return>  to replace it with another command,
or  <return>  to continue without it.


Underfull \hbox (badness 10000) in paragraph at lines 305--307

 []

pdfTeX warning (ext4): destination with the same identifier (name{page.9}) has 
been already used, duplicate ignored
<to be read again> 
                   \relax 
l.309 \chapter
              {No√ß√µes de L√≥gica} [9]pdfTeX warning (ext4): destination with 
the same identifier (name{page.10}) has been already used, duplicate ignored
<to be read again> 
                   \relax 
l.309 \chapter
              {No√ß√µes de L√≥gica} [10


]
Chapter 2.

Underfull \hbox (badness 10000) in paragraph at lines 315--319

 []


! LaTeX Error: There's no line here to end.

See the LaTeX manual or LaTeX Companion for explanation.
Type  H <return>  for immediate help.
 ...                                              
                                                  
l.328 \textbf
             {Contra-Exemplo 1.1:}
Your command was ignored.
Type  I <command> <return>  to replace it with another command,
or  <return>  to continue without it.


Underfull \hbox (badness 10000) in paragraph at lines 328--330

 []

[11] (/usr/share/texlive/texmf-dist/tex/latex/ucs/data/uni-32.def
File: uni-32.def 2013/05/13 UCS: Unicode data U+2000..U+20FF
)
Overfull \hbox (35.99994pt too wide) in alignment at lines 357--357
[][][] 
 []


! LaTeX Error: There's no line here to end.

See the LaTeX manual or LaTeX Companion for explanation.
Type  H <return>  for immediate help.
 ...                                              
                                                  
l.362 \\
        
Your command was ignored.
Type  I <command> <return>  to replace it with another command,
or  <return>  to continue without it.


! LaTeX Error: There's no line here to end.

See the LaTeX manual or LaTeX Companion for explanation.
Type  H <return>  for immediate help.
 ...                                              
                                                  
l.363 \textbf
             {Nota:} A conjun√ß√£o s√≥ resultar√° em uma verdade quando as d...

Your command was ignored.
Type  I <command> <return>  to replace it with another command,
or  <return>  to continue without it.


Underfull \hbox (badness 10000) in paragraph at lines 363--367

 []


Overfull \hbox (0.2599pt too wide) in paragraph at lines 369--370
\T1/ptm/m/n/12 ^^PFormi-gas s„o pe-que-nas e bo-las s„o quadradas^^Q È falso, p
ois sÛ uma das proposiÁıes
 []

(/usr/share/texlive/texmf-dist/tex/latex/ucs/data/uni-34.def
File: uni-34.def 2013/05/13 UCS: Unicode data U+2200..U+22FF
) [12]
Overfull \hbox (35.99994pt too wide) in alignment at lines 392--392
[][][] 
 []


Underfull \hbox (badness 10000) in alignment at lines 415--415
[][] 
 []

[13]
Overfull \hbox (35.99994pt too wide) in alignment at lines 441--441
[][][] 
 []

[14]
Overfull \hbox (35.99994pt too wide) in alignment at lines 466--466
[][][] 
 []

(/usr/share/texlive/texmf-dist/tex/latex/ucs/data/uninames.dat
File: uninames.dat 2013/05/13 UCS: Unicode character names, compressed
)

! Package ucs Error: Unknown Unicode character 61683 = U+F0F3,
(ucs)                possibly declared in uni-240.def.
(ucs)                Type H to see if it is available with options.

See the ucs package documentation for explanation.
Type  H <return>  for immediate help.
 ...                                              
                                                  
l.471 ...r representada simbolicamente como: p ÔÉ≥
                                                   q, ou simplesmente por p ...

Unicode character 61683 = U+F0F3:
Contained in range 'Private Use'
Character is not defined in uni-*.def files.
Enter I!<RET> to define the glyph.

<imagens/tablePropriedades.png, id=523, 627.34375pt x 531.9875pt>
File: imagens/tablePropriedades.png Graphic file (type png)

<use imagens/tablePropriedades.png>
Package pdftex.def Info: imagens/tablePropriedades.png used on input line 474.
(pdftex.def)             Requested size: 439.13762pt x 372.38872pt.

Overfull \hbox (12.34622pt too wide) in paragraph at lines 474--475
 [] 
 []

[15]
Underfull \hbox (badness 10000) in paragraph at lines 478--482

 []

! Undefined control sequence.
<recently read> \forallx 
                         
l.490 ...l que x + 6 √© maior que 10" ou $\forallx
                                                  , x + 6 > 10$.\\
The control sequence at the end of the top line
of your error message was never \def'ed. If you have
misspelled it (e.g., `\hobx'), type `I' and the correct
spelling (e.g., `I\hbox'). Otherwise just continue,
and I'll forget about whatever was undefined.

[16 <./imagens/tablePropriedades.png>] [17] [18


]
Chapter 3.
[19]
Underfull \hbox (badness 10000) in paragraph at lines 525--526

 []


Underfull \hbox (badness 10000) in paragraph at lines 535--543

 []


! LaTeX Error: There's no line here to end.

See the LaTeX manual or LaTeX Companion for explanation.
Type  H <return>  for immediate help.
 ...                                              
                                                  
l.547 \textbf
             {Exemplo X.X}
Your command was ignored.
Type  I <command> <return>  to replace it with another command,
or  <return>  to continue without it.


Underfull \hbox (badness 10000) in paragraph at lines 547--549

 []

[20]
Underfull \hbox (badness 10000) in paragraph at lines 566--570

 []


! LaTeX Error: There's no line here to end.

See the LaTeX manual or LaTeX Companion for explanation.
Type  H <return>  for immediate help.
 ...                                              
                                                  
l.571 $\frac{\sqrt{y}}{y\sqrt{x}}$\\ \\
                                       
Your command was ignored.
Type  I <command> <return>  to replace it with another command,
or  <return>  to continue without it.


! LaTeX Error: There's no line here to end.

See the LaTeX manual or LaTeX Companion for explanation.
Type  H <return>  for immediate help.
 ...                                              
                                                  
l.572 ...\sqrt{x}}*\frac{\sqrt{x}}{\sqrt{x}}$\\ \\
                                                  
Your command was ignored.
Type  I <command> <return>  to replace it with another command,
or  <return>  to continue without it.


! LaTeX Error: There's no line here to end.

See the LaTeX manual or LaTeX Companion for explanation.
Type  H <return>  for immediate help.
 ...                                              
                                                  
l.573 ...c{\sqrt{y}*\sqrt{x}}{y\sqrt{x^{2}}}$\\ \\
                                                  
Your command was ignored.
Type  I <command> <return>  to replace it with another command,
or  <return>  to continue without it.


Underfull \hbox (badness 10000) in paragraph at lines 578--584

 []

[21]

! LaTeX Error: There's no line here to end.

See the LaTeX manual or LaTeX Companion for explanation.
Type  H <return>  for immediate help.
 ...                                              
                                                  
l.585 $\frac{2}{\sqrt[5]{9}}$\\ \\
                                  
Your command was ignored.
Type  I <command> <return>  to replace it with another command,
or  <return>  to continue without it.


! LaTeX Error: There's no line here to end.

See the LaTeX manual or LaTeX Companion for explanation.
Type  H <return>  for immediate help.
 ...                                              
                                                  
l.586 $\frac{2}{\sqrt[5]{3^{2}}}$ \\ \\
                                       
Your command was ignored.
Type  I <command> <return>  to replace it with another command,
or  <return>  to continue without it.


! LaTeX Error: There's no line here to end.

See the LaTeX manual or LaTeX Companion for explanation.
Type  H <return>  for immediate help.
 ...                                              
                                                  
l.587 ...c{\sqrt[5]{3^{3}}}{\sqrt[5]{3^{3}}}$\\ \\
                                                  
Your command was ignored.
Type  I <command> <return>  to replace it with another command,
or  <return>  to continue without it.


! LaTeX Error: There's no line here to end.

See the LaTeX manual or LaTeX Companion for explanation.
Type  H <return>  for immediate help.
 ...                                              
                                                  
l.588 ...\sqrt[5]{3^{3}}}{\sqrt[5]{3^{2+3}}}$\\ \\
                                                  
Your command was ignored.
Type  I <command> <return>  to replace it with another command,
or  <return>  to continue without it.


! LaTeX Error: There's no line here to end.

See the LaTeX manual or LaTeX Companion for explanation.
Type  H <return>  for immediate help.
 ...                                              
                                                  
l.589 $\frac{2\sqrt[5]{27}}{3}$\\ \\
                                    
Your command was ignored.
Type  I <command> <return>  to replace it with another command,
or  <return>  to continue without it.


Underfull \hbox (badness 10000) in paragraph at lines 593--597

 []


! LaTeX Error: There's no line here to end.

See the LaTeX manual or LaTeX Companion for explanation.
Type  H <return>  for immediate help.
 ...                                              
                                                  
l.598 $\frac{1}{3 - \sqrt{2}}$\\ \\
                                   
Your command was ignored.
Type  I <command> <return>  to replace it with another command,
or  <return>  to continue without it.


! LaTeX Error: There's no line here to end.

See the LaTeX manual or LaTeX Companion for explanation.
Type  H <return>  for immediate help.
 ...                                              
                                                  
l.599 ...* \frac{3 + \sqrt{2}}{3 + \sqrt{2}}$ \\\\
                                                  
Your command was ignored.
Type  I <command> <return>  to replace it with another command,
or  <return>  to continue without it.


! LaTeX Error: There's no line here to end.

See the LaTeX manual or LaTeX Companion for explanation.
Type  H <return>  for immediate help.
 ...                                              
                                                  
l.600 ...3 + \sqrt{2}}{3^{2} - \sqrt{2^{2}}}$\\ \\
                                                  
Your command was ignored.
Type  I <command> <return>  to replace it with another command,
or  <return>  to continue without it.


! LaTeX Error: There's no line here to end.

See the LaTeX manual or LaTeX Companion for explanation.
Type  H <return>  for immediate help.
 ...                                              
                                                  
l.601 $\frac{3 + \sqrt{2}}{9 - 2}$\\\\
                                      
Your command was ignored.
Type  I <command> <return>  to replace it with another command,
or  <return>  to continue without it.


! LaTeX Error: There's no line here to end.

See the LaTeX manual or LaTeX Companion for explanation.
Type  H <return>  for immediate help.
 ...                                              
                                                  
l.602 $\frac{3 + \sqrt{2}}{7}$\\\\
                                  
Your command was ignored.
Type  I <command> <return>  to replace it with another command,
or  <return>  to continue without it.

[22]
Chapter 4.
[23


]
! Missing $ inserted.
<inserted text> 
                $
l.661 ...do a potencia√ß√£o. Visto que 10.10 = 10^
                                                  {2}, ent√£o pode-se dizer ...
I've inserted a begin-math/end-math symbol since I think
you left one out. Proceed, with fingers crossed.


LaTeX Warning: Command \~ invalid in math mode on input line 661.

Missing character: There is no „ in font zptmcm7t!
! Missing $ inserted.
<inserted text> 
                $
l.661 ...^{2}, ent√£o pode-se dizer que $x.x =  x^
                                                  {2}$. Porem o que seria o ...
I've inserted a begin-math/end-math symbol since I think
you left one out. Proceed, with fingers crossed.


Underfull \hbox (badness 10000) in paragraph at lines 661--663

 []

[24]

! LaTeX Error: There's no line here to end.

See the LaTeX manual or LaTeX Companion for explanation.
Type  H <return>  for immediate help.
 ...                                              
                                                  
l.668 A
       gora visualizando pode se ver a quadrado da soma. Ent√£o que deve ser...

Your command was ignored.
Type  I <command> <return>  to replace it with another command,
or  <return>  to continue without it.


Underfull \hbox (badness 10000) in paragraph at lines 668--670

 []


! LaTeX Error: There's no line here to end.

See the LaTeX manual or LaTeX Companion for explanation.
Type  H <return>  for immediate help.
 ...                                              
                                                  
l.674 P
       ortanto, $\forall x,y \in \Re$  :
Your command was ignored.
Type  I <command> <return>  to replace it with another command,
or  <return>  to continue without it.


! LaTeX Error: There's no line here to end.

See the LaTeX manual or LaTeX Companion for explanation.
Type  H <return>  for immediate help.
 ...                                              
                                                  
l.685 A
       gora visualizando pode se ver a quadrado da diferen√ßa. Entao que dev...

Your command was ignored.
Type  I <command> <return>  to replace it with another command,
or  <return>  to continue without it.


Underfull \hbox (badness 10000) in paragraph at lines 685--687

 []


! LaTeX Error: There's no line here to end.

See the LaTeX manual or LaTeX Companion for explanation.
Type  H <return>  for immediate help.
 ...                                              
                                                  
l.691 P
       ortanto, $\forall x,y \in \Re$  :
Your command was ignored.
Type  I <command> <return>  to replace it with another command,
or  <return>  to continue without it.


Underfull \hbox (badness 10000) in paragraph at lines 691--693

 []


! LaTeX Error: There's no line here to end.

See the LaTeX manual or LaTeX Companion for explanation.
Type  H <return>  for immediate help.
 ...                                              
                                                  
l.697 E
       nt√£o, mesmo sendo duas opera√ß√µes diferentes soma e subtra√ß√£o, a ...

Your command was ignored.
Type  I <command> <return>  to replace it with another command,
or  <return>  to continue without it.

[25]
Underfull \hbox (badness 10000) in paragraph at lines 699--701

 []


! LaTeX Error: There's no line here to end.

See the LaTeX manual or LaTeX Companion for explanation.
Type  H <return>  for immediate help.
 ...                                              
                                                  
l.705 P
       ortanto, podemos concluir que:
Your command was ignored.
Type  I <command> <return>  to replace it with another command,
or  <return>  to continue without it.


Underfull \hbox (badness 10000) in paragraph at lines 705--707

 []


Underfull \hbox (badness 10000) in paragraph at lines 712--715

 []


Underfull \hbox (badness 10000) in paragraph at lines 712--715

 []


Underfull \hbox (badness 10000) in paragraph at lines 716--720

 []


Underfull \hbox (badness 10000) in paragraph at lines 716--720

 []

[26]
Underfull \hbox (badness 10000) in paragraph at lines 721--725

 []


! LaTeX Error: There's no line here to end.

See the LaTeX manual or LaTeX Companion for explanation.
Type  H <return>  for immediate help.
 ...                                              
                                                  
l.729 N
       o primeiro colchetes, a vari√°vel em comum dentre os dois termos √© $...

Your command was ignored.
Type  I <command> <return>  to replace it with another command,
or  <return>  to continue without it.


Underfull \hbox (badness 10000) in paragraph at lines 729--731

 []


! LaTeX Error: There's no line here to end.

See the LaTeX manual or LaTeX Companion for explanation.
Type  H <return>  for immediate help.
 ...                                              
                                                  
l.735 P
       orem esta express√£o pode ser fatorada ainda mais, uma vez que existe...

Your command was ignored.
Type  I <command> <return>  to replace it with another command,
or  <return>  to continue without it.


Underfull \hbox (badness 10000) in paragraph at lines 735--737

 []


! LaTeX Error: There's no line here to end.

See the LaTeX manual or LaTeX Companion for explanation.
Type  H <return>  for immediate help.
 ...                                              
                                                  
l.741 \subsection
                 {Fatora√ßao por produtos notaveis}
Your command was ignored.
Type  I <command> <return>  to replace it with another command,
or  <return>  to continue without it.

[27]
Overfull \hbox (14.24007pt too wide) in paragraph at lines 750--754
\T1/ptm/m/n/12 Quando vi-suza-l-izamos uma ex-press„o desta forma, logo pode-mo
s recor-rer ao quadrado
 []


Underfull \hbox (badness 10000) in paragraph at lines 750--754

 []


Underfull \hbox (badness 10000) in paragraph at lines 757--761

 []


Underfull \hbox (badness 10000) in paragraph at lines 764--766

 []


! LaTeX Error: There's no line here to end.

See the LaTeX manual or LaTeX Companion for explanation.
Type  H <return>  for immediate help.
 ...                                              
                                                  
l.770 \end
          {itemize}
Your command was ignored.
Type  I <command> <return>  to replace it with another command,
or  <return>  to continue without it.


Underfull \hbox (badness 10000) in paragraph at lines 772--778

 []

[28]

! LaTeX Error: There's no line here to end.

See the LaTeX manual or LaTeX Companion for explanation.
Type  H <return>  for immediate help.
 ...                                              
                                                  
l.781 \\U
         tilizando esta f√≥rmula teremos como resposta dois valores o x' e x...

Your command was ignored.
Type  I <command> <return>  to replace it with another command,
or  <return>  to continue without it.


Underfull \hbox (badness 10000) in paragraph at lines 781--782

 []


! LaTeX Error: There's no line here to end.

See the LaTeX manual or LaTeX Companion for explanation.
Type  H <return>  for immediate help.
 ...                                              
                                                  
l.786 E
       nt√£o a partir de uma pequena defini√ß√£o, podemos prosseguir com a r...

Your command was ignored.
Type  I <command> <return>  to replace it with another command,
or  <return>  to continue without it.


Underfull \hbox (badness 10000) in paragraph at lines 786--788

 []


Underfull \hbox (badness 10000) in paragraph at lines 799--801

 []


Underfull \hbox (badness 10000) in paragraph at lines 806--810

 []

[29]

! LaTeX Error: There's no line here to end.

See the LaTeX manual or LaTeX Companion for explanation.
Type  H <return>  for immediate help.
 ...                                              
                                                  
l.814 O
        numerador consiste na parte inteira e o denominador significa o n√∫m...

Your command was ignored.
Type  I <command> <return>  to replace it with another command,
or  <return>  to continue without it.


Underfull \hbox (badness 10000) in paragraph at lines 814--818

 []


Underfull \hbox (badness 10000) in paragraph at lines 825--831

 []


! LaTeX Error: There's no line here to end.

See the LaTeX manual or LaTeX Companion for explanation.
Type  H <return>  for immediate help.
 ...                                              
                                                  
l.835 P
       ercebeu? No numerador temos o quadrado da soma de dois termos, um pro...

Your command was ignored.
Type  I <command> <return>  to replace it with another command,
or  <return>  to continue without it.


Overfull \hbox (0.36848pt too wide) in paragraph at lines 835--837
\T1/ptm/m/n/12 Ja sabe-mos a sua forma sim-pli-fi-cada a par-tir da re-gra do q
uadrado, en-t„o va-mos simplifica-
 []


Underfull \hbox (badness 10000) in paragraph at lines 835--837

 []

[30]

! LaTeX Error: There's no line here to end.

See the LaTeX manual or LaTeX Companion for explanation.
Type  H <return>  for immediate help.
 ...                                              
                                                  
l.841 B
       om temos a simplfica√ß√£o completa do numerador, porem ainda √© neces...

Your command was ignored.
Type  I <command> <return>  to replace it with another command,
or  <return>  to continue without it.


Underfull \hbox (badness 10000) in paragraph at lines 841--843

 []


! LaTeX Error: There's no line here to end.

See the LaTeX manual or LaTeX Companion for explanation.
Type  H <return>  for immediate help.
 ...                                              
                                                  
l.847 A
        partir do fator comum 2 do denominador, foi poss√≠vel igualar ambas ...

Your command was ignored.
Type  I <command> <return>  to replace it with another command,
or  <return>  to continue without it.


Underfull \hbox (badness 10000) in paragraph at lines 847--853

 []


! LaTeX Error: There's no line here to end.

See the LaTeX manual or LaTeX Companion for explanation.
Type  H <return>  for immediate help.
 ...                                              
                                                  
l.857 J
       a o denominador √© um produto not√°vel, o quadrado da diferen√ßa de d...

Your command was ignored.
Type  I <command> <return>  to replace it with another command,
or  <return>  to continue without it.


Underfull \hbox (badness 10000) in paragraph at lines 857--859

 []


! LaTeX Error: There's no line here to end.

See the LaTeX manual or LaTeX Companion for explanation.
Type  H <return>  for immediate help.
 ...                                              
                                                  
l.863 N
       o fim teremos a seguinte express√£o:
Your command was ignored.
Type  I <command> <return>  to replace it with another command,
or  <return>  to continue without it.


Underfull \hbox (badness 10000) in paragraph at lines 863--865

 []


! LaTeX Error: There's no line here to end.

See the LaTeX manual or LaTeX Companion for explanation.
Type  H <return>  for immediate help.
 ...                                              
                                                  
l.869 \subsection
                 {Briot-Ruffini}
Your command was ignored.
Type  I <command> <return>  to replace it with another command,
or  <return>  to continue without it.


Underfull \hbox (badness 10000) in paragraph at lines 870--872

 []

[31]

! LaTeX Error: There's no line here to end.

See the LaTeX manual or LaTeX Companion for explanation.
Type  H <return>  for immediate help.
 ...                                              
                                                  
l.877 V
       ejamos um exemplo para firmar os conceitos abordados.
Your command was ignored.
Type  I <command> <return>  to replace it with another command,
or  <return>  to continue without it.


Underfull \hbox (badness 10000) in paragraph at lines 877--884

 []


Underfull \hbox (badness 10000) in paragraph at lines 877--884

 []

<imagens/briotRuffini.png, id=620, 400.49625pt x 100.375pt>
File: imagens/briotRuffini.png Graphic file (type png)

<use imagens/briotRuffini.png>
Package pdftex.def Info: imagens/briotRuffini.png used on input line 891.
(pdftex.def)             Requested size: 280.34546pt x 70.26201pt.


! LaTeX Error: There's no line here to end.

See the LaTeX manual or LaTeX Companion for explanation.
Type  H <return>  for immediate help.
 ...                                              
                                                  
l.894 N
       o fim aplicando o algoritmo de Ruffini, obteremos a equacao simplific...

Your command was ignored.
Type  I <command> <return>  to replace it with another command,
or  <return>  to continue without it.


Underfull \hbox (badness 10000) in paragraph at lines 894--896

 []

[32 <./imagens/briotRuffini.png>]
Chapter 5.

Package hyperref Warning: Difference (2) between bookmark levels is greater 
(hyperref)                than one, level fixed on input line 907.


Underfull \hbox (badness 10000) in paragraph at lines 908--910

 []


Underfull \hbox (badness 10000) in paragraph at lines 919--921

 []

[33


] [34]
Underfull \hbox (badness 10000) in paragraph at lines 951--957

 []


Underfull \hbox (badness 10000) in paragraph at lines 951--957

 []

[35]
Underfull \hbox (badness 10000) in paragraph at lines 978--983

 []


Underfull \hbox (badness 10000) in paragraph at lines 978--983

 []


Underfull \hbox (badness 10000) in paragraph at lines 984--985

 []


Underfull \hbox (badness 10000) in paragraph at lines 985--986

 []


Underfull \hbox (badness 10000) in paragraph at lines 986--987

 []


Underfull \hbox (badness 10000) in paragraph at lines 989--993

 []

[36]
Underfull \hbox (badness 10000) in paragraph at lines 1001--1006

 []


Underfull \hbox (badness 10000) in paragraph at lines 1001--1006

 []


Underfull \hbox (badness 10000) in paragraph at lines 1012--1018

 []

! Missing $ inserted.
<inserted text> 
                $
l.1018 ...ion{Primeira Inequa√ß√£o: 1 \leq 2x + 3}
                                                  
I've inserted a begin-math/end-math symbol since I think
you left one out. Proceed, with fingers crossed.

! Missing $ inserted.
<inserted text> 
                $
l.1018 ...ion{Primeira Inequa√ß√£o: 1 \leq 2x + 3}
                                                  
I've inserted a begin-math/end-math symbol since I think
you left one out. Proceed, with fingers crossed.

[37]
Underfull \hbox (badness 10000) in paragraph at lines 1044--1045

 []

<imagens/grafGrau2Case1.png, id=677, 702.625pt x 642.4pt>
File: imagens/grafGrau2Case1.png Graphic file (type png)

<use imagens/grafGrau2Case1.png>
Package pdftex.def Info: imagens/grafGrau2Case1.png used on input line 1046.
(pdftex.def)             Requested size: 351.31163pt x 321.19922pt.
 [38]
Underfull \hbox (badness 10000) in paragraph at lines 1051--1052

 []

<imagens/deltaGrau2Grafi.png, id=684, 401.5pt x 311.1625pt>
File: imagens/deltaGrau2Grafi.png Graphic file (type png)

<use imagens/deltaGrau2Grafi.png>
Package pdftex.def Info: imagens/deltaGrau2Grafi.png used on input line 1053.
(pdftex.def)             Requested size: 200.7495pt x 155.58087pt.

Underfull \hbox (badness 10000) in paragraph at lines 1055--1056

 []

<imagens/deltaGrau02Grafi.png, id=685, 341.275pt x 271.0125pt>
File: imagens/deltaGrau02Grafi.png Graphic file (type png)

<use imagens/deltaGrau02Grafi.png>
Package pdftex.def Info: imagens/deltaGrau02Grafi.png used on input line 1057.
(pdftex.def)             Requested size: 170.63707pt x 135.5059pt.
 [39 <./imagens/grafGrau2Case1.png> <./imagens/deltaGrau2Grafi.png>]
Underfull \hbox (badness 10000) in paragraph at lines 1059--1060

 []

<imagens/grafCase1DeltaMe0.png, id=693, 361.35pt x 321.2pt>
File: imagens/grafCase1DeltaMe0.png Graphic file (type png)

<use imagens/grafCase1DeltaMe0.png>
Package pdftex.def Info: imagens/grafCase1DeltaMe0.png used on input line 1061.

(pdftex.def)             Requested size: 180.67456pt x 160.59961pt.

Underfull \hbox (badness 10000) in paragraph at lines 1066--1067

 []

<imagens/grafGrau2Case2.png, id=694, 682.55pt x 632.3625pt>
File: imagens/grafGrau2Case2.png Graphic file (type png)

<use imagens/grafGrau2Case2.png>
Package pdftex.def Info: imagens/grafGrau2Case2.png used on input line 1068.
(pdftex.def)             Requested size: 341.27417pt x 316.18048pt.
 [40 <./imagens/deltaGrau02Grafi.png> <./imagens/grafCase1DeltaMe0.png>]
Underfull \hbox (badness 10000) in paragraph at lines 1073--1074

 []

<imagens/deltaGrau22Grafi.png, id=702, 430.60875pt x 306.14375pt>
File: imagens/deltaGrau22Grafi.png Graphic file (type png)

<use imagens/deltaGrau22Grafi.png>
Package pdftex.def Info: imagens/deltaGrau22Grafi.png used on input line 1075.
(pdftex.def)             Requested size: 215.30383pt x 153.07149pt.


! LaTeX Error: There's no line here to end.

See the LaTeX manual or LaTeX Companion for explanation.
Type  H <return>  for immediate help.
 ...                                              
                                                  
l.1078 \item
             Se  $\Delta = 0$ desenvolve-se o seguinte gr√°fico:\\
Your command was ignored.
Type  I <command> <return>  to replace it with another command,
or  <return>  to continue without it.


Underfull \hbox (badness 10000) in paragraph at lines 1078--1079

 []

<imagens/deltaGrau202Grafi.png, id=703, 337.26pt x 283.0575pt>
File: imagens/deltaGrau202Grafi.png Graphic file (type png)

<use imagens/deltaGrau202Grafi.png>
Package pdftex.def Info: imagens/deltaGrau202Grafi.png used on input line 1080.

(pdftex.def)             Requested size: 168.62958pt x 141.5284pt.
 [41 <./imagens/grafGrau2Case2.png> <./imagens/deltaGrau22Grafi.png>]
Underfull \hbox (badness 10000) in paragraph at lines 1082--1083

 []

<imagens/grafCase21DeltaMe0.png, id=710, 391.4625pt x 292.09125pt>
File: imagens/grafCase21DeltaMe0.png Graphic file (type png)

<use imagens/grafCase21DeltaMe0.png>
Package pdftex.def Info: imagens/grafCase21DeltaMe0.png used on input line 1084
.
(pdftex.def)             Requested size: 195.73076pt x 146.04526pt.

<imagens/resolucaoIneGrau2.png, id=711, 702.625pt x 100.375pt>
File: imagens/resolucaoIneGrau2.png Graphic file (type png)

<use imagens/resolucaoIneGrau2.png>
Package pdftex.def Info: imagens/resolucaoIneGrau2.png used on input line 1096.

(pdftex.def)             Requested size: 372.38947pt x 53.19849pt.

Overfull \hbox (0.82245pt too wide) in paragraph at lines 1096--1097
[]  
 []

[42 <./imagens/deltaGrau202Grafi.png> <./imagens/grafCase21DeltaMe0.png> <./ima
gens/resolucaoIneGrau2.png>]
<imagens/resolucaoIneGrau22.png, id=722, 702.625pt x 100.375pt>
File: imagens/resolucaoIneGrau22.png Graphic file (type png)

<use imagens/resolucaoIneGrau22.png>
Package pdftex.def Info: imagens/resolucaoIneGrau22.png used on input line 1101
.
(pdftex.def)             Requested size: 372.38947pt x 53.19849pt.

Overfull \hbox (0.82245pt too wide) in paragraph at lines 1101--1102
[]  
 []


! LaTeX Error: There's no line here to end.

See the LaTeX manual or LaTeX Companion for explanation.
Type  H <return>  for immediate help.
 ...                                              
                                                  
l.1110 \textbf
              {Exemplo X.X:} Seja a inequa√ß√£o $x^{2} - x - 12 > 0$, encont...

Your command was ignored.
Type  I <command> <return>  to replace it with another command,
or  <return>  to continue without it.


Underfull \hbox (badness 10000) in paragraph at lines 1110--1112

 []


! LaTeX Error: There's no line here to end.

See the LaTeX manual or LaTeX Companion for explanation.
Type  H <return>  for immediate help.
 ...                                              
                                                  
l.1119 \begin
             {center}
Your command was ignored.
Type  I <command> <return>  to replace it with another command,
or  <return>  to continue without it.


! LaTeX Error: There's no line here to end.

See the LaTeX manual or LaTeX Companion for explanation.
Type  H <return>  for immediate help.
 ...                                              
                                                  
l.1123 \begin
             {center}
Your command was ignored.
Type  I <command> <return>  to replace it with another command,
or  <return>  to continue without it.

! Missing delimiter (. inserted).
<to be read again> 
                   $
l.1128 $
        
I was expecting to see something like `(' or `\{' or
`\}' here. If you typed, e.g., `{' instead of `\{', you
should probably delete the `{' by typing `1' now, so that
braces don't get unbalanced. Otherwise just proceed.
Acceptable delimiters are characters whose \delcode is
nonnegative, or you can use `\delimiter <delimiter code>'.

<imagens/exemplo1IneGrau2.png, id=723, 702.625pt x 100.375pt>
File: imagens/exemplo1IneGrau2.png Graphic file (type png)

<use imagens/exemplo1IneGrau2.png>
Package pdftex.def Info: imagens/exemplo1IneGrau2.png used on input line 1132.
(pdftex.def)             Requested size: 372.38947pt x 53.19849pt.


! LaTeX Error: There's no line here to end.

See the LaTeX manual or LaTeX Companion for explanation.
Type  H <return>  for immediate help.
 ...                                              
                                                  
l.1137 \textbf
              {Exemplo X.X:} Seja a inequa√ß√£o $2x^{2} + 3x \leq 20$, encon...

Your command was ignored.
Type  I <command> <return>  to replace it with another command,
or  <return>  to continue without it.


Underfull \hbox (badness 10000) in paragraph at lines 1137--1139

 []

[43 <./imagens/resolucaoIneGrau22.png> <./imagens/exemplo1IneGrau2.png>]
! Missing delimiter (. inserted).
<to be read again> 
                   $
l.1146 \end{array}\right$
                         
I was expecting to see something like `(' or `\{' or
`\}' here. If you typed, e.g., `{' instead of `\{', you
should probably delete the `{' by typing `1' now, so that
braces don't get unbalanced. Otherwise just proceed.
Acceptable delimiters are characters whose \delcode is
nonnegative, or you can use `\delimiter <delimiter code>'.

<imagens/exemplo2IneGrau2.png, id=732, 702.625pt x 100.375pt>
File: imagens/exemplo2IneGrau2.png Graphic file (type png)

<use imagens/exemplo2IneGrau2.png>
Package pdftex.def Info: imagens/exemplo2IneGrau2.png used on input line 1150.
(pdftex.def)             Requested size: 372.38947pt x 53.19849pt.


! LaTeX Error: There's no line here to end.

See the LaTeX manual or LaTeX Companion for explanation.
Type  H <return>  for immediate help.
 ...                                              
                                                  
l.1155 \textbf
              {Exemplo X.X:} Seja a inequa√ß√£o $-x^{2} +20 \leq -5$, encont...

Your command was ignored.
Type  I <command> <return>  to replace it with another command,
or  <return>  to continue without it.


Underfull \hbox (badness 10000) in paragraph at lines 1155--1157

 []

[44 <./imagens/exemplo2IneGrau2.png>]
<imagens/exemplo3IneGrau2.png, id=738, 702.625pt x 100.375pt>
File: imagens/exemplo3IneGrau2.png Graphic file (type png)

<use imagens/exemplo3IneGrau2.png>
Package pdftex.def Info: imagens/exemplo3IneGrau2.png used on input line 1168.
(pdftex.def)             Requested size: 372.38947pt x 53.19849pt.


! LaTeX Error: There's no line here to end.

See the LaTeX manual or LaTeX Companion for explanation.
Type  H <return>  for immediate help.
 ...                                              
                                                  
l.1174 \textbf
              {Exemplo X.X:} Seja a inequa√ß√£o $x^{2} - 10x > 0$, encontre ...

Your command was ignored.
Type  I <command> <return>  to replace it with another command,
or  <return>  to continue without it.


Underfull \hbox (badness 10000) in paragraph at lines 1174--1176

 []

<imagens/exemplo4IneGrau2.png, id=739, 702.625pt x 100.375pt>
File: imagens/exemplo4IneGrau2.png Graphic file (type png)

<use imagens/exemplo4IneGrau2.png>
Package pdftex.def Info: imagens/exemplo4IneGrau2.png used on input line 1186.
(pdftex.def)             Requested size: 372.38947pt x 53.19849pt.
 [45 <./imagens/exemplo3IneGrau2.png>]
[46 <./imagens/exemplo4IneGrau2.png>]
Chapter 6.

Underfull \hbox (badness 10000) in paragraph at lines 1199--1200

 []


! LaTeX Error: There's no line here to end.

See the LaTeX manual or LaTeX Companion for explanation.
Type  H <return>  for immediate help.
 ...                                              
                                                  
l.1205 \textbf
              {Exemplo X.X:} Sejam dois conjuntos A = $\{$2,4,5$\}$ e B = $\...

Your command was ignored.
Type  I <command> <return>  to replace it with another command,
or  <return>  to continue without it.


Underfull \hbox (badness 10000) in paragraph at lines 1205--1207

 []

<imagens/conjuntoExFunc1.png, id=750, 401.5pt x 200.75pt>
File: imagens/conjuntoExFunc1.png Graphic file (type png)

<use imagens/conjuntoExFunc1.png>
Package pdftex.def Info: imagens/conjuntoExFunc1.png used on input line 1208.
(pdftex.def)             Requested size: 240.90184pt x 120.45091pt.

Underfull \hbox (badness 10000) in paragraph at lines 1210--1215

 []


Underfull \hbox (badness 10000) in paragraph at lines 1210--1215

 []

[47


 <./imagens/conjuntoExFunc1.png>]
<imagens/conjuntoExFunc2.png, id=756, 401.5pt x 200.75pt>
File: imagens/conjuntoExFunc2.png Graphic file (type png)

<use imagens/conjuntoExFunc2.png>
Package pdftex.def Info: imagens/conjuntoExFunc2.png used on input line 1216.
(pdftex.def)             Requested size: 240.90184pt x 120.45091pt.


! LaTeX Error: There's no line here to end.

See the LaTeX manual or LaTeX Companion for explanation.
Type  H <return>  for immediate help.
 ...                                              
                                                  
l.1219 N
        √£o corresponde uma fun√ß√£o pois o elemento 3 esta associado a dois...

Your command was ignored.
Type  I <command> <return>  to replace it with another command,
or  <return>  to continue without it.


Underfull \hbox (badness 10000) in paragraph at lines 1219--1221

 []


Overfull \hbox (16.41202pt too wide) in paragraph at lines 1222--1223
[]\T1/ptm/m/n/12 Para cada el-e-mento do domÌnio so-mente pode ter um cor-re-sp
on-dente do con-tradomÌnio,
 []

[48 <./imagens/conjuntoExFunc2.png>]
<imagens/plot1.png, id=763, 662.475pt x 411.5375pt>
File: imagens/plot1.png Graphic file (type png)
 <use imagens/plot1.png>
Package pdftex.def Info: imagens/plot1.png used on input line 1235.
(pdftex.def)             Requested size: 198.74403pt x 123.4622pt.

<imagens/plot2.png, id=764, 686.565pt x 479.7925pt>
File: imagens/plot2.png Graphic file (type png)
 <use imagens/plot2.png>
Package pdftex.def Info: imagens/plot2.png used on input line 1236.
(pdftex.def)             Requested size: 205.97108pt x 143.93884pt.


! LaTeX Error: There's no line here to end.

See the LaTeX manual or LaTeX Companion for explanation.
Type  H <return>  for immediate help.
 ...                                              
                                                  
l.1239 S
        abemos que cada fun√ß√£o cont√™m uma regra quanto a determina√ß√£o d...

Your command was ignored.
Type  I <command> <return>  to replace it with another command,
or  <return>  to continue without it.


Underfull \hbox (badness 10000) in paragraph at lines 1239--1243

 []

<imagens/plot3.png, id=765, 686.565pt x 461.725pt>
File: imagens/plot3.png Graphic file (type png)
 <use imagens/plot3.png>
Package pdftex.def Info: imagens/plot3.png used on input line 1244.
(pdftex.def)             Requested size: 205.97108pt x 138.51857pt.


! LaTeX Error: There's no line here to end.

See the LaTeX manual or LaTeX Companion for explanation.
Type  H <return>  for immediate help.
 ...                                              
                                                  
l.1247 
       
Your command was ignored.
Type  I <command> <return>  to replace it with another command,
or  <return>  to continue without it.


Underfull \hbox (badness 10000) in paragraph at lines 1248--1249

 []

! Missing delimiter (. inserted).
<to be read again> 
                   $
l.1254 $
        
I was expecting to see something like `(' or `\{' or
`\}' here. If you typed, e.g., `{' instead of `\{', you
should probably delete the `{' by typing `1' now, so that
braces don't get unbalanced. Otherwise just proceed.
Acceptable delimiters are characters whose \delcode is
nonnegative, or you can use `\delimiter <delimiter code>'.


! LaTeX Error: There's no line here to end.

See the LaTeX manual or LaTeX Companion for explanation.
Type  H <return>  for immediate help.
 ...                                              
                                                  
l.1257 \begin
             {center}
Your command was ignored.
Type  I <command> <return>  to replace it with another command,
or  <return>  to continue without it.

<imagens/plot4.png, id=766, 431.6125pt x 306.14375pt>
File: imagens/plot4.png Graphic file (type png)
 <use imagens/plot4.png>
Package pdftex.def Info: imagens/plot4.png used on input line 1258.
(pdftex.def)             Requested size: 215.80571pt x 153.07149pt.

[49 <./imagens/plot1.png> <./imagens/plot2.png (PNG copy)> <./imagens/plot3.png
 (PNG copy)>]

! LaTeX Error: There's no line here to end.

See the LaTeX manual or LaTeX Companion for explanation.
Type  H <return>  for immediate help.
 ...                                              
                                                  
l.1261 E
        nt√£o a partir disto temo uma fun√ß√£o com duas condicoes para c√°lc...

Your command was ignored.
Type  I <command> <return>  to replace it with another command,
or  <return>  to continue without it.


Underfull \hbox (badness 10000) in paragraph at lines 1261--1262

 []


Underfull \hbox (badness 10000) in paragraph at lines 1264--1267

 []


! LaTeX Error: Something's wrong--perhaps a missing \item.

See the LaTeX manual or LaTeX Companion for explanation.
Type  H <return>  for immediate help.
 ...                                              
                                                  
l.1268 \item $
              (f + g)(x) = f(x) + g(x)$
Try typing  <return>  to proceed.
If that doesn't work, type  X <return>  to quit.


! LaTeX Error: Something's wrong--perhaps a missing \item.

See the LaTeX manual or LaTeX Companion for explanation.
Type  H <return>  for immediate help.
 ...                                              
                                                  
l.1268 \item $
              (f + g)(x) = f(x) + g(x)$
Try typing  <return>  to proceed.
If that doesn't work, type  X <return>  to quit.


! LaTeX Error: Something's wrong--perhaps a missing \item.

See the LaTeX manual or LaTeX Companion for explanation.
Type  H <return>  for immediate help.
 ...                                              
                                                  
l.1268 \item $
              (f + g)(x) = f(x) + g(x)$
Try typing  <return>  to proceed.
If that doesn't work, type  X <return>  to quit.


! LaTeX Error: Something's wrong--perhaps a missing \item.

See the LaTeX manual or LaTeX Companion for explanation.
Type  H <return>  for immediate help.
 ...                                              
                                                  
l.1269 \item $
              (f - g)(x) = f(x) - g(x)$
Try typing  <return>  to proceed.
If that doesn't work, type  X <return>  to quit.


! LaTeX Error: Something's wrong--perhaps a missing \item.

See the LaTeX manual or LaTeX Companion for explanation.
Type  H <return>  for immediate help.
 ...                                              
                                                  
l.1269 \item $
              (f - g)(x) = f(x) - g(x)$
Try typing  <return>  to proceed.
If that doesn't work, type  X <return>  to quit.


! LaTeX Error: Something's wrong--perhaps a missing \item.

See the LaTeX manual or LaTeX Companion for explanation.
Type  H <return>  for immediate help.
 ...                                              
                                                  
l.1269 \item $
              (f - g)(x) = f(x) - g(x)$
Try typing  <return>  to proceed.
If that doesn't work, type  X <return>  to quit.


! LaTeX Error: Something's wrong--perhaps a missing \item.

See the LaTeX manual or LaTeX Companion for explanation.
Type  H <return>  for immediate help.
 ...                                              
                                                  
l.1270 \item $
              (f . g)(x) = f(x) . g(x)$
Try typing  <return>  to proceed.
If that doesn't work, type  X <return>  to quit.


! LaTeX Error: Something's wrong--perhaps a missing \item.

See the LaTeX manual or LaTeX Companion for explanation.
Type  H <return>  for immediate help.
 ...                                              
                                                  
l.1270 \item $
              (f . g)(x) = f(x) . g(x)$
Try typing  <return>  to proceed.
If that doesn't work, type  X <return>  to quit.


! LaTeX Error: Something's wrong--perhaps a missing \item.

See the LaTeX manual or LaTeX Companion for explanation.
Type  H <return>  for immediate help.
 ...                                              
                                                  
l.1270 \item $
              (f . g)(x) = f(x) . g(x)$
Try typing  <return>  to proceed.
If that doesn't work, type  X <return>  to quit.


! LaTeX Error: Something's wrong--perhaps a missing \item.

See the LaTeX manual or LaTeX Companion for explanation.
Type  H <return>  for immediate help.
 ...                                              
                                                  
l.1271 \item $
              (f / g)(x) = \frac{f(x)}{g(x)}$
Try typing  <return>  to proceed.
If that doesn't work, type  X <return>  to quit.


! LaTeX Error: Something's wrong--perhaps a missing \item.

See the LaTeX manual or LaTeX Companion for explanation.
Type  H <return>  for immediate help.
 ...                                              
                                                  
l.1271 \item $
              (f / g)(x) = \frac{f(x)}{g(x)}$
Try typing  <return>  to proceed.
If that doesn't work, type  X <return>  to quit.


! LaTeX Error: Something's wrong--perhaps a missing \item.

See the LaTeX manual or LaTeX Companion for explanation.
Type  H <return>  for immediate help.
 ...                                              
                                                  
l.1271 \item $
              (f / g)(x) = \frac{f(x)}{g(x)}$
Try typing  <return>  to proceed.
If that doesn't work, type  X <return>  to quit.


! LaTeX Error: Something's wrong--perhaps a missing \item.

See the LaTeX manual or LaTeX Companion for explanation.
Type  H <return>  for immediate help.
 ...                                              
                                                  
l.1272 \end{enumerate}
                      
Try typing  <return>  to proceed.
If that doesn't work, type  X <return>  to quit.


Underfull \hbox (badness 10000) in paragraph at lines 1279--1284

 []

[50 <./imagens/plot4.png>] <imagens/plot5.png, id=782, 1204.5pt x 602.25pt>
File: imagens/plot5.png Graphic file (type png)

<use imagens/plot5.png>
Package pdftex.def Info: imagens/plot5.png used on input line 1285.
(pdftex.def)             Requested size: 361.35278pt x 180.67639pt.

Underfull \hbox (badness 10000) in paragraph at lines 1287--1289

 []

[51 <./imagens/plot5.png>]
<imagens/plot6.png, id=788, 311.1625pt x 198.7425pt>
File: imagens/plot6.png Graphic file (type png)
 <use imagens/plot6.png>
Package pdftex.def Info: imagens/plot6.png used on input line 1302.
(pdftex.def)             Requested size: 248.93034pt x 158.9942pt.

Underfull \hbox (badness 10000) in paragraph at lines 1306--1310

 []

[52 <./imagens/plot6.png>]
File: imagens/plot6.png Graphic file (type png)
 <use imagens/plot6.png>
Package pdftex.def Info: imagens/plot6.png used on input line 1323.
(pdftex.def)             Requested size: 248.93034pt x 158.9942pt.

<imagens/plot8.png, id=794, 443.6575pt x 311.1625pt>
File: imagens/plot8.png Graphic file (type png)
 <use imagens/plot8.png>
Package pdftex.def Info: imagens/plot8.png used on input line 1339.
(pdftex.def)             Requested size: 221.8282pt x 155.58087pt.

Underfull \hbox (badness 10000) in paragraph at lines 1344--1348

 []

[53 <./imagens/plot8.png>] <imagens/plotPar.png, id=800, 461.725pt x 321.2pt>
File: imagens/plotPar.png Graphic file (type png)

<use imagens/plotPar.png>
Package pdftex.def Info: imagens/plotPar.png used on input line 1355.
(pdftex.def)             Requested size: 230.86194pt x 160.59961pt.

<imagens/plotExponencial.png, id=801, 456.70625pt x 321.2pt>
File: imagens/plotExponencial.png Graphic file (type png)

<use imagens/plotExponencial.png>
Package pdftex.def Info: imagens/plotExponencial.png used on input line 1368.
(pdftex.def)             Requested size: 228.35255pt x 160.59961pt.
 [54 <./imagens/plotPar.png>]
<imagens/plotLogartim.png, id=808, 577.15625pt x 371.3875pt>
File: imagens/plotLogartim.png Graphic file (type png)

<use imagens/plotLogartim.png>
Package pdftex.def Info: imagens/plotLogartim.png used on input line 1375.
(pdftex.def)             Requested size: 288.57741pt x 185.69328pt.

<imagens/Trigonometry.png, id=809, 250.9375pt x 250.9375pt>
File: imagens/Trigonometry.png Graphic file (type png)

<use imagens/Trigonometry.png>
Package pdftex.def Info: imagens/Trigonometry.png used on input line 1387.
(pdftex.def)             Requested size: 200.75026pt x 200.75026pt.
 [55 <./imagens/plotExponencial.png> <./imagens/plotLogartim.png>] <imagens/plo
tSeno.png, id=816, 587.19376pt x 381.425pt>
File: imagens/plotSeno.png Graphic file (type png)

<use imagens/plotSeno.png>
Package pdftex.def Info: imagens/plotSeno.png used on input line 1395.
(pdftex.def)             Requested size: 293.59616pt x 190.71202pt.

! Missing $ inserted.
<inserted text> 
                $
l.1399 ...Denominamos cosseno de $x$ a abcissa OP_
                                                  {2} do ponto P em rela√ß√£...
I've inserted a begin-math/end-math symbol since I think
you left one out. Proceed, with fingers crossed.


LaTeX Warning: Command \c invalid in math mode on input line 1399.


LaTeX Warning: Command \~ invalid in math mode on input line 1399.


LaTeX Warning: Command \c invalid in math mode on input line 1399.


LaTeX Warning: Command \~ invalid in math mode on input line 1399.


LaTeX Warning: Command \c invalid in math mode on input line 1399.


LaTeX Warning: Command \~ invalid in math mode on input line 1399.

Missing character: There is no Á in font zptmcm7t!
Missing character: There is no „ in font zptmcm7t!
Missing character: There is no Á in font zptmcm7t!
Missing character: There is no „ in font zptmcm7t!
Missing character: There is no Á in font zptmcm7t!
Missing character: There is no „ in font zptmcm7t!
! Missing $ inserted.
<inserted text> 
                $
l.1399 ...ß√£o cosseno como a fun√ß√£o $f$ de $\Re
                                                  $ em $\Re$ que a cada $x \...
I've inserted a begin-math/end-math symbol since I think
you left one out. Proceed, with fingers crossed.


Overfull \hbox (252.02705pt too wide) in paragraph at lines 1399--1400
\T1/ptm/m/n/12 Seja $\OML/ztmcm/m/it/12 x$ \T1/ptm/m/n/12 um n˙mero real. De-no
m-i-namos cosseno de $\OML/ztmcm/m/it/12 x$ \T1/ptm/m/n/12 a ab-cissa OP$[]\OML
/ztmcm/m/it/12 dopontoPemrelaoaosistemaUOV; Definimosafunocossenocomoafuno$\T1/
ptm/m/n/12 f$\OML/ztmcm/m/it/12 de$$\OMS/ztmcm/m/n/12 <$
 []

[56 <./imagens/Trigonometry.png> <./imagens/plotSeno.png>]
<imagens/plotCos.png, id=823, 587.19376pt x 367.3725pt>
File: imagens/plotCos.png Graphic file (type png)

<use imagens/plotCos.png>
Package pdftex.def Info: imagens/plotCos.png used on input line 1402.
(pdftex.def)             Requested size: 293.59616pt x 183.68579pt.

<imagens/plotTan.png, id=824, 587.19376pt x 351.3125pt>
File: imagens/plotTan.png Graphic file (type png)

<use imagens/plotTan.png>
Package pdftex.def Info: imagens/plotTan.png used on input line 1409.
(pdftex.def)             Requested size: 293.59616pt x 175.6558pt.
 [57 <./imagens/plotCos.png> <./imagens/plotTan.png>]
[58


]
Chapter 7.

! LaTeX Error: \begin{titlepage} on input line 91 ended by \end{document}.

See the LaTeX manual or LaTeX Companion for explanation.
Type  H <return>  for immediate help.
 ...                                              
                                                  
l.1419 \end{document}
                     
Your command was ignored.
Type  I <command> <return>  to replace it with another command,
or  <return>  to continue without it.

Package atveryend Info: Empty hook `BeforeClearDocument' on input line 1419.
[59]
Package atveryend Info: Empty hook `AfterLastShipout' on input line 1419.
 (./MSc.aux)
Package atveryend Info: Executing hook `AtVeryEndDocument' on input line 1419.
Package atveryend Info: Executing hook `AtEndAfterFileList' on input line 1419.

Package rerunfilecheck Info: File `MSc.out' has not changed.
(rerunfilecheck)             Checksum: 820F87E6B74697A4C6CF0926C9870425;5379.


LaTeX Warning: There were multiply-defined labels.

Package atveryend Info: Empty hook `AtVeryVeryEnd' on input line 1419.
 )
(\end occurred inside a group at level 1)

### semi simple group (level 1) entered at line 91 (\begingroup)
### bottom level 
Here is how much of TeX's memory you used:
 11869 strings out of 495004
 175366 string characters out of 6180662
 290254 words of memory out of 5000000
 14619 multiletter control sequences out of 15000+600000
 46250 words of font info for 84 fonts, out of 8000000 for 9000
 16 hyphenation exceptions out of 8191
 40i,13n,51p,798b,600s stack positions out of 5000i,500n,10000p,200000b,80000s
 </home/lmtortelli/.texmf-var/fonts/pk/ljfour/jknappen/ec/ecss1
200.600pk>{/usr/share/texlive/texmf-dist/fonts/enc/dvips/base/8r.enc} </home/lm
tortelli/.texmf-var/fonts/pk/ljfour/jknappen/ec/ecsx1440.600pk> </home/lmtortel
li/.texmf-var/fonts/pk/ljfour/jknappen/ec/ecsx1200.600pk> </home/lmtortelli/.te
xmf-var/fonts/pk/ljfour/jknappen/ec/ecsx2488.600pk> </home/lmtortelli/.texmf-va
r/fonts/pk/ljfour/jknappen/ec/ecsx1728.600pk></usr/share/texlive/texmf-dist/fon
ts/type1/public/amsfonts/cm/cmex10.pfb></usr/share/texlive/texmf-dist/fonts/typ
e1/public/amsfonts/cm/cmmi10.pfb></usr/share/texlive/texmf-dist/fonts/type1/pub
lic/amsfonts/cm/cmr10.pfb></usr/share/texlive/texmf-dist/fonts/type1/public/ams
fonts/cm/cmsy10.pfb></usr/share/texlive/texmf-dist/fonts/type1/public/amsfonts/
cm/cmtt12.pfb></usr/share/texlive/texmf-dist/fonts/type1/public/amsfonts/symbol
s/msbm10.pfb></usr/share/texlive/texmf-dist/fonts/type1/urw/symbol/usyr.pfb></u
sr/share/texlive/texmf-dist/fonts/type1/urw/times/utmb8a.pfb></usr/share/texliv
e/texmf-dist/fonts/type1/urw/times/utmr8a.pfb></usr/share/texlive/texmf-dist/fo
nts/type1/urw/times/utmr8a.pfb></usr/share/texlive/texmf-dist/fonts/type1/urw/t
imes/utmri8a.pfb>
Output written on MSc.pdf (66 pages, 1100981 bytes).
PDF statistics:
 1156 PDF objects out of 1200 (max. 8388607)
 783 compressed objects within 8 object streams
 226 named destinations out of 1000 (max. 500000)
 804 words of extra memory for PDF output out of 10000 (max. 10000000)

