\BOOKMARK [0][-]{chapter.1}{Conjuntos}{}% 1
\BOOKMARK [1][-]{section.1.1}{Fundamentos de Conjuntos:}{chapter.1}% 2
\BOOKMARK [2][-]{subsection.1.1.1}{Conceito de Conjunto:}{section.1.1}% 3
\BOOKMARK [2][-]{subsection.1.1.2}{Elemento de um Conjunto:}{section.1.1}% 4
\BOOKMARK [2][-]{subsection.1.1.3}{Cardinalidade:}{section.1.1}% 5
\BOOKMARK [2][-]{subsection.1.1.4}{Pertinencia:}{section.1.1}% 6
\BOOKMARK [2][-]{subsection.1.1.5}{Subconjunto:}{section.1.1}% 7
\BOOKMARK [1][-]{section.1.2}{Representa\347\343o de Conjuntos:}{chapter.1}% 8
\BOOKMARK [2][-]{subsection.1.2.1}{Diagrama de Venn:}{section.1.2}% 9
\BOOKMARK [2][-]{subsection.1.2.2}{Extens\343o:}{section.1.2}% 10
\BOOKMARK [2][-]{subsection.1.2.3}{Compreens\343o:}{section.1.2}% 11
\BOOKMARK [1][-]{section.1.3}{Conjuntos Especiais:}{chapter.1}% 12
\BOOKMARK [2][-]{subsection.1.3.1}{Conjunto Vazio:}{section.1.3}% 13
\BOOKMARK [2][-]{subsection.1.3.2}{Conjunto Universo:}{section.1.3}% 14
\BOOKMARK [2][-]{subsection.1.3.3}{Conjunto das Partes}{section.1.3}% 15
\BOOKMARK [1][-]{section.1.4}{Opera\347\365es com Conjuntos}{chapter.1}% 16
\BOOKMARK [2][-]{subsection.1.4.1}{Uni\343o de Conjuntos}{section.1.4}% 17
\BOOKMARK [2][-]{subsection.1.4.2}{Intersec\347\343o de Conjuntos}{section.1.4}% 18
\BOOKMARK [2][-]{subsection.1.4.3}{Diferen\347a de Conjuntos}{section.1.4}% 19
\BOOKMARK [2][-]{subsection.1.4.4}{Complemento de um Conjunto}{section.1.4}% 20
\BOOKMARK [2][-]{subsection.1.4.5}{Uni\343o Disjunta}{section.1.4}% 21
\BOOKMARK [2][-]{subsection.1.4.6}{Produto Cartesiano}{section.1.4}% 22
\BOOKMARK [0][-]{chapter.2}{No\347\365es de L\363gica}{}% 23
\BOOKMARK [1][-]{section.2.1}{Proposi\347\343o}{chapter.2}% 24
\BOOKMARK [1][-]{section.2.2}{Conectivos L\363gicos}{chapter.2}% 25
\BOOKMARK [2][-]{subsection.2.2.1}{Conjun\347\343o}{section.2.2}% 26
\BOOKMARK [2][-]{subsection.2.2.2}{Disjun\347\343o}{section.2.2}% 27
\BOOKMARK [2][-]{subsection.2.2.3}{Nega\347\343o}{section.2.2}% 28
\BOOKMARK [2][-]{subsection.2.2.4}{Condi\347\343o}{section.2.2}% 29
\BOOKMARK [2][-]{subsection.2.2.5}{Bicondi\347\343o}{section.2.2}% 30
\BOOKMARK [1][-]{section.2.3}{Equival\352ncias}{chapter.2}% 31
\BOOKMARK [1][-]{section.2.4}{Quantificadores}{chapter.2}% 32
\BOOKMARK [2][-]{subsection.2.4.1}{Quantificador Universal}{section.2.4}% 33
\BOOKMARK [2][-]{subsection.2.4.2}{Quantificador Existencial}{section.2.4}% 34
\BOOKMARK [0][-]{chapter.3}{Opera\347\365es Elementares}{}% 35
\BOOKMARK [1][-]{section.3.1}{Pot\352ncia\347\343o}{chapter.3}% 36
\BOOKMARK [2][-]{subsection.3.1.1}{Potencia\347\343o com expoentes Racionais}{section.3.1}% 37
\BOOKMARK [1][-]{section.3.2}{Raiz}{chapter.3}% 38
\BOOKMARK [1][-]{section.3.3}{Racionaliza\347\343o}{chapter.3}% 39
\BOOKMARK [0][-]{chapter.4}{Express\365es Alg\351bricas}{}% 40
\BOOKMARK [1][-]{section.4.1}{Mon\364mio}{chapter.4}% 41
\BOOKMARK [1][-]{section.4.2}{Bin\364mio}{chapter.4}% 42
\BOOKMARK [1][-]{section.4.3}{Trin\364mio}{chapter.4}% 43
\BOOKMARK [1][-]{section.4.4}{Polin\364mio}{chapter.4}% 44
\BOOKMARK [1][-]{section.4.5}{Produtos Not\341veis}{chapter.4}% 45
\BOOKMARK [2][-]{subsection.4.5.1}{Quadrado da soma de dois Termos}{section.4.5}% 46
\BOOKMARK [2][-]{subsection.4.5.2}{Quadrado da diferen\347a de dois Termos}{section.4.5}% 47
\BOOKMARK [2][-]{subsection.4.5.3}{Produto da Soma pela diferen\347a}{section.4.5}% 48
\BOOKMARK [1][-]{section.4.6}{Fatora\347\343o}{chapter.4}% 49
\BOOKMARK [2][-]{subsection.4.6.1}{Evid\352ncia}{section.4.6}% 50
\BOOKMARK [2][-]{subsection.4.6.2}{Fatoracao por Agrupamento}{section.4.6}% 51
\BOOKMARK [2][-]{subsection.4.6.3}{Fatora\347ao por produtos notaveis}{section.4.6}% 52
\BOOKMARK [2][-]{subsection.4.6.4}{Trinomio de segundo grau}{section.4.6}% 53
\BOOKMARK [1][-]{section.4.7}{Simplifica\347\343o de Fra\347\365es Alg\351bricas}{chapter.4}% 54
\BOOKMARK [2][-]{subsection.4.7.1}{Simplifica\347\343o com Fatora\347\343o}{section.4.7}% 55
\BOOKMARK [2][-]{subsection.4.7.2}{Briot-Ruffini}{section.4.7}% 56
\BOOKMARK [0][-]{chapter.5}{Inequa\347\365es}{}% 57
\BOOKMARK [1][-]{subsection.5.0.3}{Desigualdades}{chapter.5}% 58
\BOOKMARK [2][-]{subsection.5.0.4}{Valor Absoluto}{subsection.5.0.3}% 59
\BOOKMARK [1][-]{section.5.1}{Inequa\347\365es de Primeiro grau}{chapter.5}% 60
\BOOKMARK [1][-]{section.5.2}{Inequa\347\365es de Segundo grau}{chapter.5}% 61
\BOOKMARK [0][-]{chapter.6}{Fun\347\365es}{}% 62
\BOOKMARK [1][-]{section.6.1}{Defini\347\343o}{chapter.6}% 63
\BOOKMARK [1][-]{section.6.2}{Gr\341fico}{chapter.6}% 64
\BOOKMARK [1][-]{section.6.3}{Fun\347\365es Importantes}{chapter.6}% 65
\BOOKMARK [2][-]{subsection.6.3.1}{Fun\347\343o Linear}{section.6.3}% 66
\BOOKMARK [2][-]{subsection.6.3.2}{Fun\347\343o Quadr\341tica}{section.6.3}% 67
\BOOKMARK [2][-]{subsection.6.3.3}{Fun\347\343o Racional}{section.6.3}% 68
\BOOKMARK [2][-]{subsection.6.3.4}{Fun\347\343o Par e Impar}{section.6.3}% 69
\BOOKMARK [2][-]{subsection.6.3.5}{Fun\347\343o Exponencial}{section.6.3}% 70
\BOOKMARK [2][-]{subsection.6.3.6}{Fun\347\343o Logar\355tmica}{section.6.3}% 71
\BOOKMARK [1][-]{section.6.4}{Fun\347\365es Trigonom\351tricas}{chapter.6}% 72
\BOOKMARK [2][-]{subsection.6.4.1}{Fun\347\343o Seno}{section.6.4}% 73
\BOOKMARK [2][-]{subsection.6.4.2}{Fun\347\343o Cosseno}{section.6.4}% 74
\BOOKMARK [2][-]{subsection.6.4.3}{Fun\347\343o Tangente}{section.6.4}% 75
\BOOKMARK [0][-]{chapter.7}{References}{}% 76
